0 verbose cli /usr/local/nvm/versions/node/v16.1.0/bin/node /usr/local/nvm/versions/node/v16.1.0/bin/npm
1 info using npm@8.15.0
2 info using node@v16.1.0
3 timing npm:load:whichnode Completed in 0ms
4 timing config:load:defaults Completed in 1ms
5 timing config:load:file:/usr/local/nvm/versions/node/v16.1.0/lib/node_modules/npm/npmrc Completed in 1ms
6 timing config:load:builtin Completed in 2ms
7 timing config:load:cli Completed in 2ms
8 timing config:load:env Completed in 0ms
9 timing config:load:file:/home/user101/events-app-2022/web-server/.npmrc Completed in 1ms
10 timing config:load:project Completed in 3ms
11 timing config:load:file:/home/user101/.npmrc Completed in 0ms
12 timing config:load:user Completed in 1ms
13 timing config:load:file:/usr/local/nvm/versions/node/v16.1.0/etc/npmrc Completed in 0ms
14 timing config:load:global Completed in 0ms
15 timing config:load:validate Completed in 0ms
16 timing config:load:credentials Completed in 1ms
17 timing config:load:setEnvs Completed in 1ms
18 timing config:load Completed in 11ms
19 timing npm:load:configload Completed in 11ms
20 timing npm:load:mkdirpcache Completed in 1ms
21 timing npm:load:mkdirplogs Completed in 2ms
22 verbose title npm install
23 verbose argv "install"
24 timing npm:load:setTitle Completed in 1ms
25 timing config:load:flatten Completed in 4ms
26 timing npm:load:display Completed in 5ms
27 verbose logfile logs-max:10 dir:/home/user101/.npm/_logs
28 verbose logfile /home/user101/.npm/_logs/2022-08-17T06_36_16_926Z-debug-0.log
29 timing npm:load:logFile Completed in 6ms
30 timing npm:load:timers Completed in 0ms
31 timing npm:load:configScope Completed in 0ms
32 timing npm:load Completed in 28ms
33 timing arborist:ctor Completed in 1ms
34 silly logfile done cleaning log files
35 timing idealTree:init Completed in 418ms
36 timing idealTree:userRequests Completed in 0ms
37 silly idealTree buildDeps
38 timing idealTree:#root Completed in 0ms
39 timing idealTree:buildDeps Completed in 2ms
40 timing idealTree:fixDepFlags Completed in 0ms
41 timing idealTree Completed in 428ms
42 timing reify:loadTrees Completed in 438ms
43 timing reify:diffTrees Completed in 4ms
44 silly reify moves {}
45 timing reify:retireShallow Completed in 1ms
46 timing reify:createSparse Completed in 92ms
47 timing reify:loadBundles Completed in 0ms
48 silly audit bulk request {
48 silly audit   '@ampproject/remapping': [ '2.1.2' ],
48 silly audit   '@babel/code-frame': [ '7.16.7' ],
48 silly audit   '@babel/compat-data': [ '7.17.7' ],
48 silly audit   '@babel/core': [ '7.17.9' ],
48 silly audit   '@babel/generator': [ '7.17.9' ],
48 silly audit   'source-map': [ '0.5.7', '0.6.1' ],
48 silly audit   '@babel/helper-compilation-targets': [ '7.17.7' ],
48 silly audit   '@babel/helper-environment-visitor': [ '7.16.7' ],
48 silly audit   '@babel/helper-function-name': [ '7.17.9' ],
48 silly audit   '@babel/helper-hoist-variables': [ '7.16.7' ],
48 silly audit   '@babel/helper-module-imports': [ '7.16.7' ],
48 silly audit   '@babel/helper-module-transforms': [ '7.17.7' ],
48 silly audit   '@babel/helper-simple-access': [ '7.17.7' ],
48 silly audit   '@babel/helper-split-export-declaration': [ '7.16.7' ],
48 silly audit   '@babel/helper-validator-identifier': [ '7.16.7' ],
48 silly audit   '@babel/helper-validator-option': [ '7.16.7' ],
48 silly audit   '@babel/helpers': [ '7.17.9' ],
48 silly audit   '@babel/highlight': [ '7.17.9' ],
48 silly audit   'ansi-styles': [ '3.2.1', '4.3.0' ],
48 silly audit   chalk: [ '2.4.2', '4.1.2' ],
48 silly audit   'color-convert': [ '1.9.3', '2.0.1' ],
48 silly audit   'color-name': [ '1.1.3', '1.1.4' ],
48 silly audit   'escape-string-regexp': [ '1.0.5', '4.0.0' ],
48 silly audit   'has-flag': [ '3.0.0', '4.0.0' ],
48 silly audit   'supports-color': [ '5.5.0', '7.2.0', '8.1.1' ],
48 silly audit   '@babel/parser': [ '7.17.9' ],
48 silly audit   '@babel/template': [ '7.16.7' ],
48 silly audit   '@babel/traverse': [ '7.17.9' ],
48 silly audit   '@babel/types': [ '7.17.0' ],
48 silly audit   '@istanbuljs/load-nyc-config': [ '1.1.0' ],
48 silly audit   argparse: [ '1.0.10', '2.0.1' ],
48 silly audit   'find-up': [ '4.1.0', '5.0.0' ],
48 silly audit   'js-yaml': [ '3.14.1', '4.1.0' ],
48 silly audit   'locate-path': [ '5.0.0', '6.0.0' ],
48 silly audit   'p-limit': [ '2.3.0', '3.1.0' ],
48 silly audit   'p-locate': [ '4.1.0', '5.0.0' ],
48 silly audit   '@istanbuljs/schema': [ '0.1.3' ],
48 silly audit   '@jridgewell/resolve-uri': [ '3.0.6' ],
48 silly audit   '@jridgewell/sourcemap-codec': [ '1.4.11' ],
48 silly audit   '@jridgewell/trace-mapping': [ '0.3.9' ],
48 silly audit   '@types/body-parser': [ '1.19.2' ],
48 silly audit   '@types/connect': [ '3.4.35' ],
48 silly audit   '@types/cookiejar': [ '2.1.2' ],
48 silly audit   '@types/express': [ '4.17.13' ],
48 silly audit   '@types/express-serve-static-core': [ '4.17.28' ],
48 silly audit   '@types/mime': [ '1.3.2' ],
48 silly audit   '@types/mocha': [ '9.1.1' ],
48 silly audit   '@types/morgan': [ '1.9.3' ],
48 silly audit   '@types/node': [ '17.0.25' ],
48 silly audit   '@types/qs': [ '6.9.7' ],
48 silly audit   '@types/range-parser': [ '1.2.4' ],
48 silly audit   '@types/serve-static': [ '1.13.10' ],
48 silly audit   '@types/superagent': [ '4.1.15' ],
48 silly audit   '@types/supertest': [ '2.0.12' ],
48 silly audit   '@ungap/promise-all-settled': [ '1.1.2' ],
48 silly audit   accepts: [ '1.3.8' ],
48 silly audit   'aggregate-error': [ '3.1.0' ],
48 silly audit   'ansi-colors': [ '4.1.1' ],
48 silly audit   'ansi-regex': [ '5.0.1' ],
48 silly audit   anymatch: [ '3.1.2' ],
48 silly audit   'append-transform': [ '2.0.0' ],
48 silly audit   archy: [ '1.0.0' ],
48 silly audit   'array-flatten': [ '1.1.1' ],
48 silly audit   asap: [ '2.0.6' ],
48 silly audit   'assertion-error': [ '1.1.0' ],
48 silly audit   asynckit: [ '0.4.0' ],
48 silly audit   axios: [ '0.26.1' ],
48 silly audit   'balanced-match': [ '1.0.2' ],
48 silly audit   'basic-auth': [ '2.0.1' ],
48 silly audit   'safe-buffer': [ '5.1.2', '5.2.1' ],
48 silly audit   'binary-extensions': [ '2.2.0' ],
48 silly audit   'body-parser': [ '1.20.0', '1.19.2' ],
48 silly audit   debug: [ '2.6.9', '4.3.4', '4.3.3' ],
48 silly audit   ms: [ '2.0.0', '2.1.2', '2.1.3' ],
48 silly audit   'brace-expansion': [ '2.0.1', '1.1.11' ],
48 silly audit   braces: [ '3.0.2' ],
48 silly audit   'browser-stdout': [ '1.3.1' ],
48 silly audit   browserslist: [ '4.20.2' ],
48 silly audit   bytes: [ '3.1.2' ],
48 silly audit   'caching-transform': [ '4.0.0' ],
48 silly audit   'call-bind': [ '1.0.2' ],
48 silly audit   camelcase: [ '5.3.1', '6.3.0' ],
48 silly audit   'caniuse-lite': [ '1.0.30001332' ],
48 silly audit   chai: [ '4.3.6' ],
48 silly audit   'check-error': [ '1.0.2' ],
48 silly audit   chokidar: [ '3.5.3' ],
48 silly audit   'clean-stack': [ '2.2.0' ],
48 silly audit   cliui: [ '7.0.4', '6.0.0' ],
48 silly audit   'combined-stream': [ '1.0.8' ],
48 silly audit   commondir: [ '1.0.1' ],
48 silly audit   'component-emitter': [ '1.3.0' ],
48 silly audit   'concat-map': [ '0.0.1' ],
48 silly audit   'content-disposition': [ '0.5.4' ],
48 silly audit   'content-type': [ '1.0.4' ],
48 silly audit   'convert-source-map': [ '1.8.0' ],
48 silly audit   cookie: [ '0.4.1', '0.4.2' ],
48 silly audit   'cookie-parser': [ '1.4.6' ],
48 silly audit   'cookie-signature': [ '1.0.6' ],
48 silly audit   cookiejar: [ '2.1.3' ],
48 silly audit   'cross-spawn': [ '7.0.3' ],
48 silly audit   decamelize: [ '1.2.0', '4.0.0' ],
48 silly audit   'deep-eql': [ '3.0.1' ],
48 silly audit   'default-require-extensions': [ '3.0.0' ],
48 silly audit   'delayed-stream': [ '1.0.0' ],
48 silly audit   depd: [ '2.0.0', '1.1.2' ],
48 silly audit   destroy: [ '1.2.0', '1.0.4' ],
48 silly audit   dezalgo: [ '1.0.3' ],
48 silly audit   diff: [ '5.0.0' ],
48 silly audit   'ee-first': [ '1.1.1' ],
48 silly audit   'electron-to-chromium': [ '1.4.118' ],
48 silly audit   'emoji-regex': [ '8.0.0' ],
48 silly audit   encodeurl: [ '1.0.2' ],
48 silly audit   'es6-error': [ '4.1.1' ],
48 silly audit   escalade: [ '3.1.1' ],
48 silly audit   'escape-html': [ '1.0.3' ],
48 silly audit   esprima: [ '4.0.1' ],
48 silly audit   etag: [ '1.8.1' ],
48 silly audit   express: [ '4.17.3' ],
48 silly audit   'express-handlebars': [ '6.0.5' ],
48 silly audit   'http-errors': [ '1.8.1', '2.0.0' ],
48 silly audit   'on-finished': [ '2.3.0', '2.4.1' ],
48 silly audit   qs: [ '6.9.7', '6.9.3', '6.10.3' ],
48 silly audit   'raw-body': [ '2.4.3', '2.5.1' ],
48 silly audit   'fast-safe-stringify': [ '2.1.1' ],
48 silly audit   'fill-range': [ '7.0.1' ],
48 silly audit   finalhandler: [ '1.1.2' ],
48 silly audit   'find-cache-dir': [ '3.3.2' ],
48 silly audit   flat: [ '5.0.2' ],
48 silly audit   'follow-redirects': [ '1.14.9' ],
48 silly audit   foreachasync: [ '3.0.0' ],
48 silly audit   'foreground-child': [ '2.0.0' ],
48 silly audit   'form-data': [ '4.0.0' ],
48 silly audit   formidable: [ '2.0.1' ],
48 silly audit   forwarded: [ '0.2.0' ],
48 silly audit   fresh: [ '0.5.2' ],
48 silly audit   fromentries: [ '1.3.2' ],
48 silly audit   'fs.realpath': [ '1.0.0' ],
48 silly audit   fsevents: [ '2.3.2' ],
48 silly audit   'function-bind': [ '1.1.1' ],
48 silly audit   gensync: [ '1.0.0-beta.2' ],
48 silly audit   'get-caller-file': [ '2.0.5' ],
48 silly audit   'get-func-name': [ '2.0.0' ],
48 silly audit   'get-intrinsic': [ '1.1.1' ],
48 silly audit   'get-package-type': [ '0.1.0' ],
48 silly audit   glob: [ '8.0.1', '7.2.0' ],
48 silly audit   'glob-parent': [ '5.1.2' ],
48 silly audit   globals: [ '11.12.0' ],
48 silly audit   'graceful-fs': [ '4.2.10' ],
48 silly audit   growl: [ '1.10.5' ],
48 silly audit   handlebars: [ '4.7.7' ],
48 silly audit   has: [ '1.0.3' ],
48 silly audit   'has-symbols': [ '1.0.3' ],
48 silly audit   hasha: [ '5.2.2' ],
48 silly audit   hbs: [ '4.2.0' ],
48 silly audit   he: [ '1.2.0' ],
48 silly audit   hexoid: [ '1.0.0' ],
48 silly audit   'html-escaper': [ '2.0.2' ],
48 silly audit   statuses: [ '2.0.1', '1.5.0' ],
48 silly audit   'iconv-lite': [ '0.4.24' ],
48 silly audit   imurmurhash: [ '0.1.4' ],
48 silly audit   'indent-string': [ '4.0.0' ],
48 silly audit   inflight: [ '1.0.6' ],
48 silly audit   inherits: [ '2.0.4' ],
48 silly audit   'ipaddr.js': [ '1.9.1' ],
48 silly audit   'is-binary-path': [ '2.1.0' ],
48 silly audit   'is-extglob': [ '2.1.1' ],
48 silly audit   'is-fullwidth-code-point': [ '3.0.0' ],
48 silly audit   'is-glob': [ '4.0.3' ],
48 silly audit   'is-number': [ '7.0.0' ],
48 silly audit   'is-plain-obj': [ '2.1.0' ],
48 silly audit   'is-stream': [ '2.0.1' ],
48 silly audit   'is-typedarray': [ '1.0.0' ],
48 silly audit   'is-unicode-supported': [ '0.1.0' ],
48 silly audit   'is-windows': [ '1.0.2' ],
48 silly audit   isexe: [ '2.0.0' ],
48 silly audit   'istanbul-lib-coverage': [ '3.2.0' ],
48 silly audit   'istanbul-lib-hook': [ '3.0.0' ],
48 silly audit   'istanbul-lib-instrument': [ '4.0.3' ],
48 silly audit   'istanbul-lib-processinfo': [ '2.0.2' ],
48 silly audit   'istanbul-lib-report': [ '3.0.0' ],
48 silly audit   'istanbul-lib-source-maps': [ '4.0.1' ],
48 silly audit   'istanbul-reports': [ '3.1.4' ],
48 silly audit   'js-tokens': [ '4.0.0' ],
48 silly audit   jsesc: [ '2.5.2' ],
48 silly audit   'json-stringify-safe': [ '5.0.1' ],
48 silly audit   json5: [ '2.2.1' ],
48 silly audit   'lodash.flattendeep': [ '4.4.0' ],
48 silly audit   'lodash.set': [ '4.3.2' ],
48 silly audit   'log-symbols': [ '4.1.0' ],
48 silly audit   loupe: [ '2.3.4' ],
48 silly audit   'lru-cache': [ '6.0.0' ],
48 silly audit   'make-dir': [ '3.1.0' ],
48 silly audit   'media-typer': [ '0.3.0' ],
48 silly audit   'merge-descriptors': [ '1.0.1' ],
48 silly audit   methods: [ '1.1.2' ],
48 silly audit   mime: [ '1.6.0', '2.6.0' ],
48 silly audit   'mime-db': [ '1.52.0' ],
48 silly audit   'mime-types': [ '2.1.35' ],
48 silly audit   minimatch: [ '5.0.1', '3.1.2', '4.2.1' ],
48 silly audit   minimist: [ '1.2.6' ],
48 silly audit   mocha: [ '9.2.2' ],
48 silly audit   morgan: [ '1.10.0' ],
48 silly audit   nanoid: [ '3.3.1' ],
48 silly audit   negotiator: [ '0.6.3' ],
48 silly audit   'neo-async': [ '2.6.2' ],
48 silly audit   nocache: [ '3.0.3' ],
48 silly audit   nock: [ '13.2.4' ],
48 silly audit   'node-preload': [ '0.2.1' ],
48 silly audit   'node-releases': [ '2.0.3' ],
48 silly audit   'normalize-path': [ '3.0.0' ],
48 silly audit   nyc: [ '15.1.0' ],
48 silly audit   'wrap-ansi': [ '6.2.0', '7.0.0' ],
48 silly audit   y18n: [ '4.0.3', '5.0.8' ],
48 silly audit   yargs: [ '15.4.1', '16.2.0' ],
48 silly audit   'yargs-parser': [ '18.1.3', '20.2.4' ],
48 silly audit   'object-inspect': [ '1.12.0' ],
48 silly audit   'on-headers': [ '1.0.2' ],
48 silly audit   once: [ '1.4.0' ],
48 silly audit   'p-map': [ '3.0.0' ],
48 silly audit   'p-try': [ '2.2.0' ],
48 silly audit   'package-hash': [ '4.0.0' ],
48 silly audit   parseurl: [ '1.3.3' ],
48 silly audit   'path-exists': [ '4.0.0' ],
48 silly audit   'path-is-absolute': [ '1.0.1' ],
48 silly audit   'path-key': [ '3.1.1' ],
48 silly audit   'path-to-regexp': [ '0.1.7' ],
48 silly audit   pathval: [ '1.1.1' ],
48 silly audit   picocolors: [ '1.0.0' ],
48 silly audit   picomatch: [ '2.3.1' ],
48 silly audit   'pkg-dir': [ '4.2.0' ],
48 silly audit   'process-on-spawn': [ '1.0.0' ],
48 silly audit   propagate: [ '2.0.1' ],
48 silly audit   'proxy-addr': [ '2.0.7' ],
48 silly audit   randombytes: [ '2.1.0' ],
48 silly audit   'range-parser': [ '1.2.1' ],
48 silly audit   'readable-stream': [ '3.6.0' ],
48 silly audit   readdirp: [ '3.6.0' ],
48 silly audit   'release-zalgo': [ '1.0.0' ],
48 silly audit   'require-directory': [ '2.1.1' ],
48 silly audit   'require-main-filename': [ '2.0.0' ],
48 silly audit   'resolve-from': [ '5.0.0' ],
48 silly audit   rimraf: [ '3.0.2' ],
48 silly audit   'safer-buffer': [ '2.1.2' ],
48 silly audit   semver: [ '6.3.0', '7.3.7' ],
48 silly audit   send: [ '0.17.2' ],
48 silly audit   'serialize-javascript': [ '6.0.0' ],
48 silly audit   'serve-static': [ '1.14.2' ],
48 silly audit   'set-blocking': [ '2.0.0' ],
48 silly audit   setprototypeof: [ '1.2.0' ],
48 silly audit   'shebang-command': [ '2.0.0' ],
48 silly audit   'shebang-regex': [ '3.0.0' ],
48 silly audit   'side-channel': [ '1.0.4' ],
48 silly audit   'signal-exit': [ '3.0.7' ],
48 silly audit   'spawn-wrap': [ '2.0.0' ],
48 silly audit   'sprintf-js': [ '1.0.3' ],
48 silly audit   string_decoder: [ '1.3.0' ],
48 silly audit   'string-width': [ '4.2.3' ],
48 silly audit   'strip-ansi': [ '6.0.1' ],
48 silly audit   'strip-bom': [ '4.0.0' ],
48 silly audit   'strip-json-comments': [ '3.1.1' ],
48 silly audit   superagent: [ '7.1.2' ],
48 silly audit   supertest: [ '6.2.2' ],
48 silly audit   'test-exclude': [ '6.0.0' ],
48 silly audit   'to-fast-properties': [ '2.0.0' ],
48 silly audit   'to-regex-range': [ '5.0.1' ],
48 silly audit   toidentifier: [ '1.0.1' ],
48 silly audit   'type-detect': [ '4.0.8' ],
48 silly audit   'type-fest': [ '0.8.1' ],
48 silly audit   'type-is': [ '1.6.18' ],
48 silly audit   'typedarray-to-buffer': [ '3.1.5' ],
48 silly audit   'uglify-js': [ '3.15.4' ],
48 silly audit   unpipe: [ '1.0.0' ],
48 silly audit   'util-deprecate': [ '1.0.2' ],
48 silly audit   'utils-merge': [ '1.0.1' ],
48 silly audit   uuid: [ '3.4.0' ],
48 silly audit   vary: [ '1.1.2' ],
48 silly audit   walk: [ '2.3.15' ],
48 silly audit   which: [ '2.0.2' ],
48 silly audit   'which-module': [ '2.0.0' ],
48 silly audit   wordwrap: [ '1.0.0' ],
48 silly audit   workerpool: [ '6.2.0' ],
48 silly audit   wrappy: [ '1.0.2' ],
48 silly audit   'write-file-atomic': [ '3.0.3' ],
48 silly audit   yallist: [ '4.0.0' ],
48 silly audit   'yargs-unparser': [ '2.0.0' ],
48 silly audit   'yocto-queue': [ '0.1.0' ]
48 silly audit }
49 verbose reify failed optional dependency /home/user101/events-app-2022/web-server/node_modules/fsevents
50 silly reify mark deleted [ '/home/user101/events-app-2022/web-server/node_modules/fsevents' ]
51 timing reifyNode:node_modules/fsevents Completed in 117ms
52 silly tarball no local data for yallist@https://registry.npmjs.org/yallist/-/yallist-4.0.0.tgz. Extracting by manifest.
53 silly tarball no local data for wordwrap@https://registry.npmjs.org/wordwrap/-/wordwrap-1.0.0.tgz. Extracting by manifest.
54 silly tarball no local data for walk@https://registry.npmjs.org/walk/-/walk-2.3.15.tgz. Extracting by manifest.
55 silly tarball no local data for uglify-js@https://registry.npmjs.org/uglify-js/-/uglify-js-3.15.4.tgz. Extracting by manifest.
56 silly tarball no local data for supertest@https://registry.npmjs.org/supertest/-/supertest-6.2.2.tgz. Extracting by manifest.
57 silly tarball no local data for superagent@https://registry.npmjs.org/superagent/-/superagent-7.1.2.tgz. Extracting by manifest.
58 silly tarball no local data for string_decoder@https://registry.npmjs.org/string_decoder/-/string_decoder-1.3.0.tgz. Extracting by manifest.
59 silly tarball no local data for readable-stream@https://registry.npmjs.org/readable-stream/-/readable-stream-3.6.0.tgz. Extracting by manifest.
60 silly tarball no local data for raw-body@https://registry.npmjs.org/raw-body/-/raw-body-2.5.1.tgz. Extracting by manifest.
61 silly tarball no local data for propagate@https://registry.npmjs.org/propagate/-/propagate-2.0.1.tgz. Extracting by manifest.
62 silly tarball no local data for on-finished@https://registry.npmjs.org/on-finished/-/on-finished-2.4.1.tgz. Extracting by manifest.
63 silly tarball no local data for nock@https://registry.npmjs.org/nock/-/nock-13.2.4.tgz. Extracting by manifest.
64 silly tarball no local data for neo-async@https://registry.npmjs.org/neo-async/-/neo-async-2.6.2.tgz. Extracting by manifest.
65 silly tarball no local data for minimist@https://registry.npmjs.org/minimist/-/minimist-1.2.6.tgz. Extracting by manifest.
66 silly tarball no local data for minimatch@https://registry.npmjs.org/minimatch/-/minimatch-5.0.1.tgz. Extracting by manifest.
67 silly tarball no local data for lru-cache@https://registry.npmjs.org/lru-cache/-/lru-cache-6.0.0.tgz. Extracting by manifest.
68 silly tarball no local data for lodash.set@https://registry.npmjs.org/lodash.set/-/lodash.set-4.3.2.tgz. Extracting by manifest.
69 silly tarball no local data for json-stringify-safe@https://registry.npmjs.org/json-stringify-safe/-/json-stringify-safe-5.0.1.tgz. Extracting by manifest.
70 silly tarball no local data for hexoid@https://registry.npmjs.org/hexoid/-/hexoid-1.0.0.tgz. Extracting by manifest.
71 silly tarball no local data for hbs@https://registry.npmjs.org/hbs/-/hbs-4.2.0.tgz. Extracting by manifest.
72 silly tarball no local data for handlebars@https://registry.npmjs.org/handlebars/-/handlebars-4.7.7.tgz. Extracting by manifest.
73 silly tarball no local data for glob@https://registry.npmjs.org/glob/-/glob-8.0.1.tgz. Extracting by manifest.
74 silly tarball no local data for formidable@https://registry.npmjs.org/formidable/-/formidable-2.0.1.tgz. Extracting by manifest.
75 silly tarball no local data for form-data@https://registry.npmjs.org/form-data/-/form-data-4.0.0.tgz. Extracting by manifest.
76 silly tarball no local data for foreachasync@https://registry.npmjs.org/foreachasync/-/foreachasync-3.0.0.tgz. Extracting by manifest.
77 silly tarball no local data for follow-redirects@https://registry.npmjs.org/follow-redirects/-/follow-redirects-1.14.9.tgz. Extracting by manifest.
78 silly tarball no local data for fast-safe-stringify@https://registry.npmjs.org/fast-safe-stringify/-/fast-safe-stringify-2.1.1.tgz. Extracting by manifest.
79 silly tarball no local data for express-handlebars@https://registry.npmjs.org/express-handlebars/-/express-handlebars-6.0.5.tgz. Extracting by manifest.
80 silly tarball no local data for dezalgo@https://registry.npmjs.org/dezalgo/-/dezalgo-1.0.3.tgz. Extracting by manifest.
81 silly tarball no local data for destroy@https://registry.npmjs.org/destroy/-/destroy-1.2.0.tgz. Extracting by manifest.
82 silly tarball no local data for brace-expansion@https://registry.npmjs.org/brace-expansion/-/brace-expansion-2.0.1.tgz. Extracting by manifest.
83 silly tarball no local data for body-parser@https://registry.npmjs.org/body-parser/-/body-parser-1.20.0.tgz. Extracting by manifest.
84 silly tarball no local data for axios@https://registry.npmjs.org/axios/-/axios-0.26.1.tgz. Extracting by manifest.
85 silly tarball no local data for asap@https://registry.npmjs.org/asap/-/asap-2.0.6.tgz. Extracting by manifest.
86 silly tarball no local data for @types/supertest@https://registry.npmjs.org/@types/supertest/-/supertest-2.0.12.tgz. Extracting by manifest.
87 silly tarball no local data for @types/superagent@https://registry.npmjs.org/@types/superagent/-/superagent-4.1.15.tgz. Extracting by manifest.
88 silly tarball no local data for semver@https://registry.npmjs.org/semver/-/semver-7.3.7.tgz. Extracting by manifest.
89 silly tarball no local data for mime@https://registry.npmjs.org/mime/-/mime-2.6.0.tgz. Extracting by manifest.
90 silly tarball no local data for qs@https://registry.npmjs.org/qs/-/qs-6.9.3.tgz. Extracting by manifest.
91 http fetch POST 200 https://registry.npmjs.org/-/npm/v1/security/advisories/bulk 1329ms
92 timing auditReport:getReport Completed in 1338ms
93 silly audit report {}
94 timing auditReport:init Completed in 0ms
95 timing reify:audit Completed in 1339ms
96 timing reifyNode:node_modules/wrappy Completed in 1957ms
97 timing reifyNode:node_modules/wrap-ansi Completed in 1958ms
98 timing reifyNode:node_modules/to-fast-properties Completed in 1957ms
99 timing reifyNode:node_modules/shebang-command Completed in 1956ms
100 timing reifyNode:node_modules/path-is-absolute Completed in 1953ms
101 timing reifyNode:node_modules/package-hash Completed in 1953ms
102 timing reifyNode:node_modules/once Completed in 1952ms
103 timing reifyNode:node_modules/normalize-path Completed in 1949ms
104 timing reifyNode:node_modules/ms Completed in 1949ms
105 timing reifyNode:node_modules/lodash.flattendeep Completed in 1948ms
106 timing reifyNode:node_modules/is-windows Completed in 1949ms
107 timing reifyNode:node_modules/is-number Completed in 1953ms
108 timing reifyNode:node_modules/is-extglob Completed in 1953ms
109 timing reifyNode:node_modules/inflight Completed in 1954ms
110 timing reifyNode:node_modules/imurmurhash Completed in 1953ms
111 timing reifyNode:node_modules/find-cache-dir Completed in 1954ms
112 timing reifyNode:node_modules/escape-html Completed in 1953ms
113 timing reifyNode:node_modules/ee-first Completed in 1953ms
114 timing reifyNode:node_modules/decamelize Completed in 1954ms
115 timing reifyNode:node_modules/convert-source-map Completed in 1954ms
116 timing reifyNode:node_modules/color-name Completed in 1955ms
117 timing reifyNode:node_modules/caching-transform Completed in 1955ms
118 timing reifyNode:node_modules/browser-stdout Completed in 1956ms
119 timing reifyNode:node_modules/array-flatten Completed in 1956ms
120 timing reifyNode:node_modules/@types/serve-static Completed in 1979ms
121 timing reifyNode:node_modules/@types/range-parser Completed in 1979ms
122 timing reifyNode:node_modules/@types/qs Completed in 1980ms
123 timing reifyNode:node_modules/@types/cookiejar Completed in 1980ms
124 timing reifyNode:node_modules/@types/connect Completed in 1980ms
125 timing reifyNode:node_modules/@types/body-parser Completed in 1980ms
126 timing reifyNode:node_modules/test-exclude/node_modules/brace-expansion Completed in 2019ms
127 timing reifyNode:node_modules/send/node_modules/ms Completed in 2016ms
128 timing reifyNode:node_modules/send/node_modules/destroy Completed in 2013ms
129 timing reifyNode:node_modules/send/node_modules/debug/node_modules/ms Completed in 2014ms
130 timing reifyNode:node_modules/rimraf/node_modules/brace-expansion Completed in 2013ms
131 timing reifyNode:node_modules/nyc/node_modules/wrap-ansi Completed in 2008ms
132 timing reifyNode:node_modules/nyc/node_modules/brace-expansion Completed in 2008ms
133 timing reifyNode:node_modules/morgan/node_modules/ms Completed in 2007ms
134 timing reifyNode:node_modules/mocha/node_modules/ms Completed in 2008ms
135 timing reifyNode:node_modules/mocha/node_modules/debug/node_modules/ms Completed in 2007ms
136 timing reifyNode:node_modules/mocha/node_modules/brace-expansion Completed in 2007ms
137 timing reifyNode:node_modules/finalhandler/node_modules/ms Completed in 2003ms
138 timing reifyNode:node_modules/express/node_modules/ms Completed in 2003ms
139 timing reifyNode:node_modules/body-parser/node_modules/ms Completed in 2000ms
140 timing reifyNode:node_modules/@babel/highlight/node_modules/has-flag Completed in 1997ms
141 timing reifyNode:node_modules/@babel/highlight/node_modules/escape-string-regexp Completed in 1997ms
142 timing reifyNode:node_modules/@babel/highlight/node_modules/ansi-styles Completed in 2000ms
143 timing reifyNode:node_modules/yocto-queue Completed in 2036ms
144 timing reifyNode:node_modules/which-module Completed in 2035ms
145 timing reifyNode:node_modules/vary Completed in 2035ms
146 timing reifyNode:node_modules/utils-merge Completed in 2035ms
147 timing reifyNode:node_modules/unpipe Completed in 2035ms
148 timing reifyNode:node_modules/type-is Completed in 2036ms
149 timing reifyNode:node_modules/toidentifier Completed in 2036ms
150 timing reifyNode:node_modules/to-regex-range Completed in 2036ms
151 timing reifyNode:node_modules/supports-color Completed in 2036ms
152 timing reifyNode:node_modules/strip-json-comments Completed in 2035ms
153 timing reifyNode:node_modules/strip-bom Completed in 2035ms
154 timing reifyNode:node_modules/strip-ansi Completed in 2035ms
155 timing reifyNode:node_modules/string-width Completed in 2036ms
156 timing reifyNode:node_modules/signal-exit Completed in 2035ms
157 timing reifyNode:node_modules/shebang-regex Completed in 2036ms
158 timing reifyNode:node_modules/set-blocking Completed in 2035ms
159 timing reifyNode:node_modules/serialize-javascript Completed in 2035ms
160 timing reifyNode:node_modules/resolve-from Completed in 2031ms
161 timing reifyNode:node_modules/require-main-filename Completed in 2032ms
162 timing reifyNode:node_modules/range-parser Completed in 2031ms
163 timing reifyNode:node_modules/process-on-spawn Completed in 2032ms
164 timing reifyNode:node_modules/pkg-dir Completed in 2032ms
165 timing reifyNode:node_modules/path-to-regexp Completed in 2031ms
166 timing reifyNode:node_modules/path-key Completed in 2032ms
167 timing reifyNode:node_modules/path-exists Completed in 2032ms
168 timing reifyNode:node_modules/parseurl Completed in 2032ms
169 timing reifyNode:node_modules/p-try Completed in 2032ms
170 timing reifyNode:node_modules/p-map Completed in 2030ms
171 timing reifyNode:node_modules/p-locate Completed in 2030ms
172 timing reifyNode:node_modules/p-limit Completed in 2030ms
173 timing reifyNode:node_modules/on-headers Completed in 2030ms
174 timing reifyNode:node_modules/methods Completed in 2027ms
175 timing reifyNode:node_modules/merge-descriptors Completed in 2027ms
176 timing reifyNode:node_modules/media-typer Completed in 2028ms
177 timing reifyNode:node_modules/make-dir Completed in 2028ms
178 timing reifyNode:node_modules/locate-path Completed in 2027ms
179 timing reifyNode:node_modules/is-unicode-supported Completed in 2028ms
180 timing reifyNode:node_modules/is-typedarray Completed in 2028ms
181 timing reifyNode:node_modules/is-stream Completed in 2028ms
182 timing reifyNode:node_modules/is-plain-obj Completed in 2029ms
183 timing reifyNode:node_modules/is-glob Completed in 2029ms
184 timing reifyNode:node_modules/is-fullwidth-code-point Completed in 2029ms
185 timing reifyNode:node_modules/is-binary-path Completed in 2029ms
186 timing reifyNode:node_modules/inherits Completed in 2029ms
187 timing reifyNode:node_modules/indent-string Completed in 2029ms
188 timing reifyNode:node_modules/http-errors Completed in 2029ms
189 timing reifyNode:node_modules/has-flag Completed in 2031ms
190 timing reifyNode:node_modules/glob-parent Completed in 2031ms
191 timing reifyNode:node_modules/get-func-name Completed in 2031ms
192 timing reifyNode:node_modules/fromentries Completed in 2032ms
193 timing reifyNode:node_modules/fresh Completed in 2032ms
194 timing reifyNode:node_modules/forwarded Completed in 2032ms
195 timing reifyNode:node_modules/find-up Completed in 2032ms
196 timing reifyNode:node_modules/finalhandler Completed in 2032ms
197 timing reifyNode:node_modules/fill-range Completed in 2032ms
198 timing reifyNode:node_modules/etag Completed in 2031ms
199 timing reifyNode:node_modules/escape-string-regexp Completed in 2032ms
200 timing reifyNode:node_modules/encodeurl Completed in 2031ms
201 timing reifyNode:node_modules/default-require-extensions Completed in 2032ms
202 timing reifyNode:node_modules/cookiejar Completed in 2032ms
203 timing reifyNode:node_modules/cookie-signature Completed in 2032ms
204 timing reifyNode:node_modules/cookie-parser Completed in 2032ms
205 timing reifyNode:node_modules/content-type Completed in 2033ms
206 timing reifyNode:node_modules/component-emitter Completed in 2033ms
207 timing reifyNode:node_modules/clean-stack Completed in 2033ms
208 timing reifyNode:node_modules/camelcase Completed in 2034ms
209 timing reifyNode:node_modules/bytes Completed in 2034ms
210 timing reifyNode:node_modules/basic-auth Completed in 2034ms
211 timing reifyNode:node_modules/assertion-error Completed in 2034ms
212 timing reifyNode:node_modules/append-transform Completed in 2034ms
213 timing reifyNode:node_modules/anymatch Completed in 2034ms
214 timing reifyNode:node_modules/ansi-regex Completed in 2034ms
215 timing reifyNode:node_modules/aggregate-error Completed in 2035ms
216 timing reifyNode:node_modules/accepts Completed in 2035ms
217 timing reifyNode:node_modules/@types/morgan Completed in 2046ms
218 timing reifyNode:node_modules/@babel/highlight Completed in 2047ms
219 timing reifyNode:node_modules/@babel/helper-hoist-variables Completed in 2046ms
220 timing reifyNode:node_modules/@babel/helper-function-name Completed in 2046ms
221 timing reifyNode:node_modules/@babel/helper-environment-visitor Completed in 2047ms
222 timing reifyNode:node_modules/@babel/code-frame Completed in 2047ms
223 timing reifyNode:node_modules/yargs-unparser/node_modules/decamelize Completed in 2083ms
224 timing reifyNode:node_modules/yargs-unparser/node_modules/camelcase Completed in 2083ms
225 timing reifyNode:node_modules/@babel/helper-simple-access Completed in 2049ms
226 timing reifyNode:node_modules/@babel/helper-split-export-declaration Completed in 2050ms
227 timing reifyNode:node_modules/send/node_modules/on-finished Completed in 2078ms
228 timing reifyNode:node_modules/pkg-dir/node_modules/p-locate Completed in 2073ms
229 timing reifyNode:node_modules/pkg-dir/node_modules/p-limit Completed in 2073ms
230 timing reifyNode:node_modules/pkg-dir/node_modules/locate-path Completed in 2073ms
231 timing reifyNode:node_modules/pkg-dir/node_modules/find-up Completed in 2072ms
232 timing reifyNode:node_modules/nyc/node_modules/y18n Completed in 2068ms
233 timing reifyNode:node_modules/nyc/node_modules/p-locate Completed in 2069ms
234 timing reifyNode:node_modules/nyc/node_modules/p-limit Completed in 2069ms
235 timing reifyNode:node_modules/nyc/node_modules/locate-path Completed in 2069ms
236 timing reifyNode:node_modules/nyc/node_modules/find-up Completed in 2068ms
237 timing reifyNode:node_modules/morgan/node_modules/on-finished Completed in 2068ms
238 timing reifyNode:node_modules/istanbul-lib-report/node_modules/supports-color Completed in 2067ms
239 timing reifyNode:node_modules/finalhandler/node_modules/on-finished Completed in 2063ms
240 timing reifyNode:node_modules/express/node_modules/on-finished Completed in 2063ms
241 timing reifyNode:node_modules/chalk/node_modules/supports-color Completed in 2060ms
242 timing reifyNode:node_modules/@istanbuljs/load-nyc-config/node_modules/p-locate Completed in 2057ms
243 timing reifyNode:node_modules/@istanbuljs/load-nyc-config/node_modules/p-limit Completed in 2057ms
244 timing reifyNode:node_modules/@istanbuljs/load-nyc-config/node_modules/locate-path Completed in 2057ms
245 timing reifyNode:node_modules/@istanbuljs/load-nyc-config/node_modules/find-up Completed in 2057ms
246 timing reifyNode:node_modules/@babel/highlight/node_modules/supports-color Completed in 2058ms
247 timing reifyNode:node_modules/yargs-unparser Completed in 2093ms
248 timing reifyNode:node_modules/write-file-atomic Completed in 2092ms
249 timing reifyNode:node_modules/util-deprecate Completed in 2092ms
250 timing reifyNode:node_modules/proxy-addr Completed in 2084ms
251 timing reifyNode:node_modules/pathval Completed in 2084ms
252 timing reifyNode:node_modules/nocache Completed in 2079ms
253 timing reifyNode:node_modules/morgan Completed in 2079ms
254 timing reifyNode:node_modules/log-symbols Completed in 2079ms
255 timing reifyNode:node_modules/js-tokens Completed in 2079ms
256 timing reifyNode:node_modules/get-caller-file Completed in 2079ms
257 timing reifyNode:node_modules/fs.realpath Completed in 2080ms
258 timing reifyNode:node_modules/foreground-child Completed in 2079ms
259 timing reifyNode:node_modules/cookie Completed in 2078ms
260 timing reifyNode:node_modules/combined-stream Completed in 2078ms
261 timing reifyNode:node_modules/balanced-match Completed in 2078ms
262 timing reifyNode:node_modules/ansi-styles Completed in 2078ms
263 timing reifyNode:node_modules/@types/mime Completed in 2096ms
264 timing reifyNode:node_modules/@istanbuljs/load-nyc-config Completed in 2097ms
265 timing reifyNode:node_modules/send/node_modules/http-errors Completed in 2126ms
266 timing reifyNode:node_modules/express/node_modules/http-errors Completed in 2110ms
267 timing reifyNode:node_modules/express/node_modules/cookie Completed in 2111ms
268 timing reifyNode:node_modules/which Completed in 2138ms
269 timing reifyNode:node_modules/setprototypeof Completed in 2135ms
270 timing reifyNode:node_modules/serve-static Completed in 2135ms
271 timing reifyNode:node_modules/readdirp Completed in 2131ms
272 timing reifyNode:node_modules/picocolors Completed in 2129ms
273 timing reifyNode:node_modules/mime-types Completed in 2124ms
274 timing reifyNode:node_modules/istanbul-lib-processinfo Completed in 2124ms
275 timing reifyNode:node_modules/hasha Completed in 2124ms
276 timing reifyNode:node_modules/has Completed in 2124ms
277 timing reifyNode:node_modules/globals Completed in 2124ms
278 timing reifyNode:node_modules/delayed-stream Completed in 2124ms
279 timing reifyNode:node_modules/content-disposition Completed in 2123ms
280 timing reifyNode:node_modules/check-error Completed in 2123ms
281 timing reifyNode:node_modules/binary-extensions Completed in 2123ms
282 timing reifyNode:node_modules/@types/express Completed in 2134ms
283 timing reifyNode:node_modules/@istanbuljs/schema Completed in 2135ms
284 timing reifyNode:node_modules/@babel/helper-validator-option Completed in 2134ms
285 timing reifyNode:node_modules/test-exclude/node_modules/minimatch Completed in 2166ms
286 timing reifyNode:node_modules/rimraf/node_modules/minimatch Completed in 2159ms
287 timing reifyNode:node_modules/nyc/node_modules/minimatch Completed in 2153ms
288 timing reifyNode:node_modules/nyc/node_modules/cliui Completed in 2153ms
289 timing reifyNode:node_modules/mocha/node_modules/minimatch Completed in 2152ms
290 timing reifyNode:node_modules/mocha/node_modules/glob/node_modules/minimatch Completed in 2153ms
291 timing reifyNode:node_modules/http-errors/node_modules/statuses Completed in 2149ms
292 timing reifyNode:node_modules/convert-source-map/node_modules/safe-buffer Completed in 2145ms
293 timing reifyNode:node_modules/basic-auth/node_modules/safe-buffer Completed in 2144ms
294 timing reifyNode:node_modules/@babel/highlight/node_modules/color-name Completed in 2140ms
295 timing reifyNode:node_modules/typedarray-to-buffer Completed in 2173ms
296 timing reifyNode:node_modules/type-detect Completed in 2174ms
297 timing reifyNode:node_modules/safe-buffer Completed in 2171ms
298 timing reifyNode:node_modules/rimraf Completed in 2171ms
299 timing reifyNode:node_modules/require-directory Completed in 2172ms
300 timing reifyNode:node_modules/randombytes Completed in 2171ms
301 timing reifyNode:node_modules/graceful-fs Completed in 2164ms
302 timing reifyNode:node_modules/commondir Completed in 2162ms
303 timing reifyNode:node_modules/express/node_modules/raw-body Completed in 2190ms
304 timing reifyNode:node_modules/statuses Completed in 2215ms
305 timing reifyNode:node_modules/istanbul-lib-hook Completed in 2202ms
306 timing reifyNode:node_modules/get-package-type Completed in 2201ms
307 timing reifyNode:node_modules/deep-eql Completed in 2199ms
308 timing reifyNode:node_modules/debug Completed in 2199ms
309 timing reifyNode:node_modules/concat-map Completed in 2198ms
310 timing reifyNode:node_modules/color-convert Completed in 2198ms
311 timing reifyNode:node_modules/ansi-colors Completed in 2197ms
312 timing reifyNode:node_modules/@babel/helper-validator-identifier Completed in 2208ms
313 timing reifyNode:node_modules/mocha/node_modules/debug Completed in 2224ms
314 timing reifyNode:node_modules/@babel/highlight/node_modules/color-convert Completed in 2218ms
315 timing reifyNode:node_modules/test-exclude Completed in 2251ms
316 timing reifyNode:node_modules/send Completed in 2249ms
317 timing reifyNode:node_modules/safer-buffer Completed in 2245ms
318 timing reifyNode:node_modules/release-zalgo Completed in 2245ms
319 timing reifyNode:node_modules/isexe Completed in 2237ms
320 timing reifyNode:node_modules/flat Completed in 2235ms
321 timing reifyNode:node_modules/es6-error Completed in 2233ms
322 timing reifyNode:node_modules/depd Completed in 2234ms
323 timing reifyNode:node_modules/@ungap/promise-all-settled Completed in 2232ms
324 timing reifyNode:node_modules/@babel/helper-module-imports Completed in 2251ms
325 timing reifyNode:node_modules/@babel/highlight/node_modules/chalk Completed in 2255ms
326 timing reifyNode:node_modules/ipaddr.js Completed in 2271ms
327 timing reifyNode:node_modules/gensync Completed in 2270ms
328 timing reifyNode:node_modules/escalade Completed in 2269ms
329 timing reifyNode:node_modules/chalk Completed in 2266ms
330 timing reifyNode:node_modules/@types/mocha Completed in 2278ms
331 timing reifyNode:node_modules/@types/express-serve-static-core Completed in 2278ms
332 timing reifyNode:node_modules/test-exclude/node_modules/glob Completed in 2309ms
333 timing reifyNode:node_modules/rimraf/node_modules/glob Completed in 2302ms
334 timing reifyNode:node_modules/nyc/node_modules/glob Completed in 2296ms
335 timing reifyNode:node_modules/mocha/node_modules/glob Completed in 2295ms
336 timing reifyNode:node_modules/node-releases Completed in 2300ms
337 timing reifyNode:node_modules/jsesc Completed in 2299ms
338 timing reifyNode:node_modules/emoji-regex Completed in 2294ms
339 timing reifyNode:node_modules/cross-spawn Completed in 2293ms
340 timing reifyNode:node_modules/archy Completed in 2293ms
341 timing reifyNode:node_modules/@babel/helper-compilation-targets Completed in 2303ms
342 timing reifyNode:node_modules/semver Completed in 2332ms
343 timing reifyNode:node_modules/node-preload Completed in 2325ms
344 timing reifyNode:node_modules/negotiator Completed in 2324ms
345 timing reifyNode:node_modules/@babel/helper-module-transforms Completed in 2322ms
346 timing reifyNode:node_modules/nyc/node_modules/yargs-parser Completed in 2343ms
347 timing reifyNode:node_modules/y18n Completed in 2359ms
348 timing reifyNode:node_modules/side-channel Completed in 2357ms
349 timing reifyNode:node_modules/cliui Completed in 2335ms
350 timing reifyNode:node_modules/@jridgewell/sourcemap-codec Completed in 2342ms
351 timing reifyNode:node_modules/@babel/template Completed in 2343ms
352 timing reifyNode:node_modules/mime Completed in 2362ms
353 timing reifyNode:node_modules/istanbul-lib-coverage Completed in 2362ms
354 timing reifyNode:node_modules/html-escaper Completed in 2361ms
355 timing reifyNode:node_modules/function-bind Completed in 2361ms
356 timing reifyNode:node_modules/istanbul-lib-source-maps Completed in 2384ms
357 timing reifyNode:node_modules/istanbul-lib-report Completed in 2384ms
358 timing reifyNode:node_modules/he Completed in 2383ms
359 timing reifyNode:node_modules/growl Completed in 2383ms
360 timing reifyNode:node_modules/get-intrinsic Completed in 2382ms
361 timing reifyNode:node_modules/call-bind Completed in 2379ms
362 timing reifyNode:node_modules/braces Completed in 2379ms
363 timing reifyNode:node_modules/@jridgewell/resolve-uri Completed in 2385ms
364 timing reifyNode:node_modules/istanbul-lib-instrument Completed in 2402ms
365 timing reifyNode:node_modules/browserslist Completed in 2394ms
366 timing reifyNode:node_modules/picomatch Completed in 2428ms
367 timing reifyNode:node_modules/chokidar Completed in 2415ms
368 timing reifyNode:node_modules/argparse Completed in 2415ms
369 timing reifyNode:node_modules/send/node_modules/depd Completed in 2444ms
370 timing reifyNode:node_modules/express/node_modules/depd Completed in 2430ms
371 timing reifyNode:node_modules/yargs-parser Completed in 2458ms
372 http fetch GET 200 https://registry.npmjs.org/yallist/-/yallist-4.0.0.tgz 2168ms (cache miss)
373 timing reifyNode:node_modules/yallist Completed in 2464ms
374 http fetch GET 200 https://registry.npmjs.org/string_decoder/-/string_decoder-1.3.0.tgz 2145ms (cache miss)
375 timing reifyNode:node_modules/string_decoder Completed in 2462ms
376 timing reifyNode:node_modules/express/node_modules/body-parser Completed in 2447ms
377 timing reifyNode:node_modules/mime-db Completed in 2455ms
378 timing reifyNode:node_modules/has-symbols Completed in 2454ms
379 timing reifyNode:node_modules/@babel/compat-data Completed in 2451ms
380 timing reifyNode:node_modules/asynckit Completed in 2462ms
381 http fetch GET 200 https://registry.npmjs.org/lru-cache/-/lru-cache-6.0.0.tgz 2151ms (cache miss)
382 timing reifyNode:node_modules/lru-cache Completed in 2475ms
383 http fetch GET 200 https://registry.npmjs.org/raw-body/-/raw-body-2.5.1.tgz 2176ms (cache miss)
384 timing reifyNode:node_modules/raw-body Completed in 2492ms
385 http fetch GET 200 https://registry.npmjs.org/supertest/-/supertest-6.2.2.tgz 2187ms (cache miss)
386 timing reifyNode:node_modules/supertest Completed in 2502ms
387 http fetch GET 200 https://registry.npmjs.org/hexoid/-/hexoid-1.0.0.tgz 2152ms (cache miss)
388 timing reifyNode:node_modules/hexoid Completed in 2483ms
389 http fetch GET 200 https://registry.npmjs.org/foreachasync/-/foreachasync-3.0.0.tgz 2129ms (cache miss)
390 timing reifyNode:node_modules/foreachasync Completed in 2482ms
391 timing reifyNode:node_modules/@ampproject/remapping Completed in 2475ms
392 timing reifyNode:node_modules/send/node_modules/debug Completed in 2500ms
393 timing reifyNode:node_modules/morgan/node_modules/debug Completed in 2491ms
394 timing reifyNode:node_modules/finalhandler/node_modules/debug Completed in 2485ms
395 timing reifyNode:node_modules/express/node_modules/debug Completed in 2485ms
396 timing reifyNode:node_modules/body-parser/node_modules/debug Completed in 2481ms
397 timing reifyNode:node_modules/spawn-wrap Completed in 2507ms
398 http fetch GET 200 https://registry.npmjs.org/lodash.set/-/lodash.set-4.3.2.tgz 2172ms (cache miss)
399 timing reifyNode:node_modules/lodash.set Completed in 2496ms
400 http fetch GET 200 https://registry.npmjs.org/destroy/-/destroy-1.2.0.tgz 2129ms (cache miss)
401 timing reifyNode:node_modules/destroy Completed in 2491ms
402 warn deprecated uuid@3.4.0: Please upgrade  to version 7 or higher.  Older versions may use Math.random() in certain circumstances, which is known to be problematic.  See https://v8.dev/blog/math-random for details.
403 timing reifyNode:node_modules/uuid Completed in 2522ms
404 timing reifyNode:node_modules/sprintf-js Completed in 2521ms
405 http fetch GET 200 https://registry.npmjs.org/brace-expansion/-/brace-expansion-2.0.1.tgz 2134ms (cache miss)
406 timing reifyNode:node_modules/brace-expansion Completed in 2500ms
407 http fetch GET 200 https://registry.npmjs.org/dezalgo/-/dezalgo-1.0.3.tgz 2143ms (cache miss)
408 timing reifyNode:node_modules/dezalgo Completed in 2504ms
409 timing reifyNode:node_modules/electron-to-chromium Completed in 2512ms
410 http fetch GET 200 https://registry.npmjs.org/minimatch/-/minimatch-5.0.1.tgz 2199ms (cache miss)
411 timing reifyNode:node_modules/minimatch Completed in 2520ms
412 http fetch GET 200 https://registry.npmjs.org/propagate/-/propagate-2.0.1.tgz 2212ms (cache miss)
413 timing reifyNode:node_modules/propagate Completed in 2530ms
414 http fetch GET 200 https://registry.npmjs.org/@types/superagent/-/superagent-4.1.15.tgz 2122ms (cache miss)
415 timing reifyNode:node_modules/@types/superagent Completed in 2513ms
416 timing reifyNode:node_modules/type-fest Completed in 2549ms
417 http fetch GET 200 https://registry.npmjs.org/on-finished/-/on-finished-2.4.1.tgz 2253ms (cache miss)
418 timing reifyNode:node_modules/on-finished Completed in 2571ms
419 http fetch GET 200 https://registry.npmjs.org/hbs/-/hbs-4.2.0.tgz 2233ms (cache miss)
420 timing reifyNode:node_modules/hbs Completed in 2565ms
421 http fetch GET 200 https://registry.npmjs.org/@types/supertest/-/supertest-2.0.12.tgz 2174ms (cache miss)
422 timing reifyNode:node_modules/@types/supertest Completed in 2563ms
423 http fetch GET 200 https://registry.npmjs.org/json-stringify-safe/-/json-stringify-safe-5.0.1.tgz 2250ms (cache miss)
424 timing reifyNode:node_modules/json-stringify-safe Completed in 2576ms
425 http fetch GET 200 https://registry.npmjs.org/walk/-/walk-2.3.15.tgz 2304ms (cache miss)
426 timing reifyNode:node_modules/walk Completed in 2615ms
427 http fetch GET 200 https://registry.npmjs.org/form-data/-/form-data-4.0.0.tgz 2241ms (cache miss)
428 timing reifyNode:node_modules/form-data Completed in 2592ms
429 http fetch GET 200 https://registry.npmjs.org/follow-redirects/-/follow-redirects-1.14.9.tgz 2237ms (cache miss)
430 timing reifyNode:node_modules/follow-redirects Completed in 2594ms
431 http fetch GET 200 https://registry.npmjs.org/body-parser/-/body-parser-1.20.0.tgz 2222ms (cache miss)
432 timing reifyNode:node_modules/body-parser Completed in 2590ms
433 timing reifyNode:node_modules/@babel/helpers Completed in 2588ms
434 timing reifyNode:node_modules/esprima Completed in 2599ms
435 timing reifyNode:node_modules/@jridgewell/trace-mapping Completed in 2598ms
436 timing reifyNode:node_modules/loupe Completed in 2615ms
437 http fetch GET 200 https://registry.npmjs.org/mime/-/mime-2.6.0.tgz 2211ms (cache miss)
438 timing reifyNode:node_modules/superagent/node_modules/mime Completed in 2638ms
439 http fetch GET 200 https://registry.npmjs.org/asap/-/asap-2.0.6.tgz 2253ms (cache miss)
440 timing reifyNode:node_modules/asap Completed in 2624ms
441 timing reifyNode:node_modules/nanoid Completed in 2666ms
442 http fetch GET 200 https://registry.npmjs.org/glob/-/glob-8.0.1.tgz 2327ms (cache miss)
443 timing reifyNode:node_modules/glob Completed in 2664ms
444 timing reifyNode:node_modules/express/node_modules/qs Completed in 2683ms
445 timing reifyNode:node_modules/qs Completed in 2702ms
446 timing reifyNode:node_modules/nyc Completed in 2700ms
447 timing reifyNode:node_modules/express Completed in 2692ms
448 http fetch GET 200 https://registry.npmjs.org/fast-safe-stringify/-/fast-safe-stringify-2.1.1.tgz 2337ms (cache miss)
449 timing reifyNode:node_modules/fast-safe-stringify Completed in 2695ms
450 http fetch GET 200 https://registry.npmjs.org/minimist/-/minimist-1.2.6.tgz 2390ms (cache miss)
451 timing reifyNode:node_modules/minimist Completed in 2710ms
452 timing reifyNode:node_modules/@babel/generator Completed in 2707ms
453 timing reifyNode:node_modules/json5 Completed in 2723ms
454 http fetch GET 200 https://registry.npmjs.org/wordwrap/-/wordwrap-1.0.0.tgz 2445ms (cache miss)
455 timing reifyNode:node_modules/wordwrap Completed in 2744ms
456 http fetch GET 200 https://registry.npmjs.org/qs/-/qs-6.9.3.tgz 2339ms (cache miss)
457 timing reifyNode:node_modules/@istanbuljs/load-nyc-config/node_modules/argparse Completed in 2746ms
458 timing reifyNode:node_modules/object-inspect Completed in 2767ms
459 timing reifyNode:node_modules/iconv-lite Completed in 2761ms
460 timing reifyNode:node_modules/formidable/node_modules/qs Completed in 2771ms
461 timing reifyNode:node_modules/workerpool Completed in 2811ms
462 http fetch GET 200 https://registry.npmjs.org/readable-stream/-/readable-stream-3.6.0.tgz 2565ms (cache miss)
463 timing reifyNode:node_modules/readable-stream Completed in 2881ms
464 http fetch GET 200 https://registry.npmjs.org/formidable/-/formidable-2.0.1.tgz 2531ms (cache miss)
465 timing reifyNode:node_modules/formidable Completed in 2870ms
466 timing reifyNode:node_modules/@babel/traverse Completed in 2862ms
467 timing reifyNode:node_modules/js-yaml Completed in 2882ms
468 timing reifyNode:node_modules/diff Completed in 2876ms
469 http fetch GET 200 https://registry.npmjs.org/nock/-/nock-13.2.4.tgz 2578ms (cache miss)
470 timing reifyNode:node_modules/nock Completed in 2895ms
471 timing reifyNode:node_modules/@babel/generator/node_modules/source-map Completed in 2886ms
472 timing reifyNode:node_modules/source-map Completed in 2923ms
473 timing reifyNode:node_modules/@istanbuljs/load-nyc-config/node_modules/js-yaml Completed in 2907ms
474 timing reifyNode:node_modules/nyc/node_modules/yargs Completed in 2951ms
475 http fetch GET 200 https://registry.npmjs.org/semver/-/semver-7.3.7.tgz 2546ms (cache miss)
476 timing reifyNode:node_modules/superagent/node_modules/semver Completed in 2972ms
477 timing reifyNode:node_modules/yargs Completed in 2982ms
478 http fetch GET 200 https://registry.npmjs.org/superagent/-/superagent-7.1.2.tgz 2714ms (cache miss)
479 warn deprecated superagent@7.1.2: Deprecated due to bug in CI build https://github.com/visionmedia/superagent/pull/1677\#issuecomment-1081361876
480 timing reifyNode:node_modules/superagent Completed in 3032ms
481 http fetch GET 200 https://registry.npmjs.org/express-handlebars/-/express-handlebars-6.0.5.tgz 2672ms (cache miss)
482 timing reifyNode:node_modules/express-handlebars Completed in 3032ms
483 timing reifyNode:node_modules/@babel/parser Completed in 3034ms
484 timing reifyNode:node_modules/chai Completed in 3041ms
485 timing reifyNode:node_modules/istanbul-reports Completed in 3052ms
486 timing reifyNode:node_modules/@babel/core Completed in 3040ms
487 http fetch GET 200 https://registry.npmjs.org/axios/-/axios-0.26.1.tgz 2691ms (cache miss)
488 timing reifyNode:node_modules/axios Completed in 3061ms
489 http fetch GET 200 https://registry.npmjs.org/neo-async/-/neo-async-2.6.2.tgz 2774ms (cache miss)
490 timing reifyNode:node_modules/neo-async Completed in 3095ms
491 http fetch GET 200 https://registry.npmjs.org/uglify-js/-/uglify-js-3.15.4.tgz 2809ms (cache miss)
492 timing reifyNode:node_modules/uglify-js Completed in 3122ms
493 timing reifyNode:node_modules/@types/node Completed in 3116ms
494 timing reifyNode:node_modules/@babel/types Completed in 3163ms
495 timing reifyNode:node_modules/mocha Completed in 3230ms
496 http fetch GET 200 https://registry.npmjs.org/handlebars/-/handlebars-4.7.7.tgz 2946ms (cache miss)
497 timing reifyNode:node_modules/handlebars Completed in 3281ms
498 timing reifyNode:node_modules/caniuse-lite Completed in 3409ms
499 timing reify:unpack Completed in 3440ms
500 timing reify:unretire Completed in 0ms
501 timing build:queue Completed in 14ms
502 timing build:link:node_modules/@babel/parser Completed in 9ms
503 timing build:link:node_modules/@istanbuljs/load-nyc-config/node_modules/js-yaml Completed in 6ms
504 timing build:link:node_modules/superagent/node_modules/mime Completed in 6ms
505 timing build:link:node_modules/browserslist Completed in 9ms
506 timing build:link:node_modules/esprima Completed in 8ms
507 timing build:link:node_modules/flat Completed in 8ms
508 timing build:link:node_modules/handlebars Completed in 8ms
509 timing build:link:node_modules/he Completed in 8ms
510 timing build:link:node_modules/js-yaml Completed in 9ms
511 timing build:link:node_modules/jsesc Completed in 9ms
512 timing build:link:node_modules/json5 Completed in 8ms
513 timing build:link:node_modules/mime Completed in 8ms
514 timing build:link:node_modules/mocha Completed in 8ms
515 timing build:link:node_modules/nanoid Completed in 8ms
516 timing build:link:node_modules/nyc Completed in 8ms
517 timing build:link:node_modules/rimraf Completed in 8ms
518 timing build:link:node_modules/semver Completed in 8ms
519 timing build:link:node_modules/uglify-js Completed in 8ms
520 timing build:link:node_modules/uuid Completed in 8ms
521 timing build:link:node_modules/which Completed in 8ms
522 timing build:link:node_modules/superagent/node_modules/semver Completed in 7ms
523 timing build:link Completed in 10ms
524 timing build:deps Completed in 25ms
525 timing build Completed in 25ms
526 timing reify:build Completed in 26ms
527 timing reify:trash Completed in 2ms
528 timing reify:save Completed in 150ms
529 timing reify Completed in 4250ms
530 silly ADD node_modules/yocto-queue
531 silly ADD node_modules/yargs-unparser
532 silly ADD node_modules/yargs-unparser/node_modules/decamelize
533 silly ADD node_modules/yargs-unparser/node_modules/camelcase
534 silly ADD node_modules/yargs-parser
535 silly ADD node_modules/yargs
536 silly ADD node_modules/yallist
537 silly ADD node_modules/y18n
538 silly ADD node_modules/write-file-atomic
539 silly ADD node_modules/wrappy
540 silly ADD node_modules/wrap-ansi
541 silly ADD node_modules/workerpool
542 silly ADD node_modules/wordwrap
543 silly ADD node_modules/which-module
544 silly ADD node_modules/which
545 silly ADD node_modules/walk
546 silly ADD node_modules/vary
547 silly ADD node_modules/uuid
548 silly ADD node_modules/utils-merge
549 silly ADD node_modules/util-deprecate
550 silly ADD node_modules/unpipe
551 silly ADD node_modules/uglify-js
552 silly ADD node_modules/typedarray-to-buffer
553 silly ADD node_modules/type-is
554 silly ADD node_modules/type-fest
555 silly ADD node_modules/type-detect
556 silly ADD node_modules/toidentifier
557 silly ADD node_modules/to-regex-range
558 silly ADD node_modules/to-fast-properties
559 silly ADD node_modules/test-exclude
560 silly ADD node_modules/test-exclude/node_modules/minimatch
561 silly ADD node_modules/test-exclude/node_modules/glob
562 silly ADD node_modules/test-exclude/node_modules/brace-expansion
563 silly ADD node_modules/supports-color
564 silly ADD node_modules/supertest
565 silly ADD node_modules/superagent
566 silly ADD node_modules/superagent/node_modules/semver
567 silly ADD node_modules/superagent/node_modules/mime
568 silly ADD node_modules/strip-json-comments
569 silly ADD node_modules/strip-bom
570 silly ADD node_modules/strip-ansi
571 silly ADD node_modules/string-width
572 silly ADD node_modules/string_decoder
573 silly ADD node_modules/statuses
574 silly ADD node_modules/sprintf-js
575 silly ADD node_modules/spawn-wrap
576 silly ADD node_modules/source-map
577 silly ADD node_modules/signal-exit
578 silly ADD node_modules/side-channel
579 silly ADD node_modules/shebang-regex
580 silly ADD node_modules/shebang-command
581 silly ADD node_modules/setprototypeof
582 silly ADD node_modules/set-blocking
583 silly ADD node_modules/serve-static
584 silly ADD node_modules/serialize-javascript
585 silly ADD node_modules/send
586 silly ADD node_modules/send/node_modules/on-finished
587 silly ADD node_modules/send/node_modules/ms
588 silly ADD node_modules/send/node_modules/http-errors
589 silly ADD node_modules/send/node_modules/destroy
590 silly ADD node_modules/send/node_modules/depd
591 silly ADD node_modules/send/node_modules/debug
592 silly ADD node_modules/send/node_modules/debug/node_modules/ms
593 silly ADD node_modules/semver
594 silly ADD node_modules/safer-buffer
595 silly ADD node_modules/safe-buffer
596 silly ADD node_modules/rimraf
597 silly ADD node_modules/rimraf/node_modules/minimatch
598 silly ADD node_modules/rimraf/node_modules/glob
599 silly ADD node_modules/rimraf/node_modules/brace-expansion
600 silly ADD node_modules/resolve-from
601 silly ADD node_modules/require-main-filename
602 silly ADD node_modules/require-directory
603 silly ADD node_modules/release-zalgo
604 silly ADD node_modules/readdirp
605 silly ADD node_modules/readable-stream
606 silly ADD node_modules/raw-body
607 silly ADD node_modules/range-parser
608 silly ADD node_modules/randombytes
609 silly ADD node_modules/qs
610 silly ADD node_modules/proxy-addr
611 silly ADD node_modules/propagate
612 silly ADD node_modules/process-on-spawn
613 silly ADD node_modules/pkg-dir
614 silly ADD node_modules/pkg-dir/node_modules/p-locate
615 silly ADD node_modules/pkg-dir/node_modules/p-limit
616 silly ADD node_modules/pkg-dir/node_modules/locate-path
617 silly ADD node_modules/pkg-dir/node_modules/find-up
618 silly ADD node_modules/picomatch
619 silly ADD node_modules/picocolors
620 silly ADD node_modules/pathval
621 silly ADD node_modules/path-to-regexp
622 silly ADD node_modules/path-key
623 silly ADD node_modules/path-is-absolute
624 silly ADD node_modules/path-exists
625 silly ADD node_modules/parseurl
626 silly ADD node_modules/package-hash
627 silly ADD node_modules/p-try
628 silly ADD node_modules/p-map
629 silly ADD node_modules/p-locate
630 silly ADD node_modules/p-limit
631 silly ADD node_modules/once
632 silly ADD node_modules/on-headers
633 silly ADD node_modules/on-finished
634 silly ADD node_modules/object-inspect
635 silly ADD node_modules/nyc
636 silly ADD node_modules/nyc/node_modules/yargs-parser
637 silly ADD node_modules/nyc/node_modules/yargs
638 silly ADD node_modules/nyc/node_modules/y18n
639 silly ADD node_modules/nyc/node_modules/wrap-ansi
640 silly ADD node_modules/nyc/node_modules/p-locate
641 silly ADD node_modules/nyc/node_modules/p-limit
642 silly ADD node_modules/nyc/node_modules/minimatch
643 silly ADD node_modules/nyc/node_modules/locate-path
644 silly ADD node_modules/nyc/node_modules/glob
645 silly ADD node_modules/nyc/node_modules/find-up
646 silly ADD node_modules/nyc/node_modules/cliui
647 silly ADD node_modules/nyc/node_modules/brace-expansion
648 silly ADD node_modules/normalize-path
649 silly ADD node_modules/node-releases
650 silly ADD node_modules/node-preload
651 silly ADD node_modules/nock
652 silly ADD node_modules/nocache
653 silly ADD node_modules/neo-async
654 silly ADD node_modules/negotiator
655 silly ADD node_modules/nanoid
656 silly ADD node_modules/ms
657 silly ADD node_modules/morgan
658 silly ADD node_modules/morgan/node_modules/on-finished
659 silly ADD node_modules/morgan/node_modules/ms
660 silly ADD node_modules/morgan/node_modules/debug
661 silly ADD node_modules/mocha
662 silly ADD node_modules/mocha/node_modules/ms
663 silly ADD node_modules/mocha/node_modules/minimatch
664 silly ADD node_modules/mocha/node_modules/glob
665 silly ADD node_modules/mocha/node_modules/glob/node_modules/minimatch
666 silly ADD node_modules/mocha/node_modules/debug
667 silly ADD node_modules/mocha/node_modules/debug/node_modules/ms
668 silly ADD node_modules/mocha/node_modules/brace-expansion
669 silly ADD node_modules/minimist
670 silly ADD node_modules/minimatch
671 silly ADD node_modules/mime-types
672 silly ADD node_modules/mime-db
673 silly ADD node_modules/mime
674 silly ADD node_modules/methods
675 silly ADD node_modules/merge-descriptors
676 silly ADD node_modules/media-typer
677 silly ADD node_modules/make-dir
678 silly ADD node_modules/lru-cache
679 silly ADD node_modules/loupe
680 silly ADD node_modules/log-symbols
681 silly ADD node_modules/lodash.set
682 silly ADD node_modules/lodash.flattendeep
683 silly ADD node_modules/locate-path
684 silly ADD node_modules/json5
685 silly ADD node_modules/json-stringify-safe
686 silly ADD node_modules/jsesc
687 silly ADD node_modules/js-yaml
688 silly ADD node_modules/js-tokens
689 silly ADD node_modules/istanbul-reports
690 silly ADD node_modules/istanbul-lib-source-maps
691 silly ADD node_modules/istanbul-lib-report
692 silly ADD node_modules/istanbul-lib-report/node_modules/supports-color
693 silly ADD node_modules/istanbul-lib-processinfo
694 silly ADD node_modules/istanbul-lib-instrument
695 silly ADD node_modules/istanbul-lib-hook
696 silly ADD node_modules/istanbul-lib-coverage
697 silly ADD node_modules/isexe
698 silly ADD node_modules/is-windows
699 silly ADD node_modules/is-unicode-supported
700 silly ADD node_modules/is-typedarray
701 silly ADD node_modules/is-stream
702 silly ADD node_modules/is-plain-obj
703 silly ADD node_modules/is-number
704 silly ADD node_modules/is-glob
705 silly ADD node_modules/is-fullwidth-code-point
706 silly ADD node_modules/is-extglob
707 silly ADD node_modules/is-binary-path
708 silly ADD node_modules/ipaddr.js
709 silly ADD node_modules/inherits
710 silly ADD node_modules/inflight
711 silly ADD node_modules/indent-string
712 silly ADD node_modules/imurmurhash
713 silly ADD node_modules/iconv-lite
714 silly ADD node_modules/http-errors
715 silly ADD node_modules/http-errors/node_modules/statuses
716 silly ADD node_modules/html-escaper
717 silly ADD node_modules/hexoid
718 silly ADD node_modules/he
719 silly ADD node_modules/hbs
720 silly ADD node_modules/hasha
721 silly ADD node_modules/has-symbols
722 silly ADD node_modules/has-flag
723 silly ADD node_modules/has
724 silly ADD node_modules/handlebars
725 silly ADD node_modules/growl
726 silly ADD node_modules/graceful-fs
727 silly ADD node_modules/globals
728 silly ADD node_modules/glob-parent
729 silly ADD node_modules/glob
730 silly ADD node_modules/get-package-type
731 silly ADD node_modules/get-intrinsic
732 silly ADD node_modules/get-func-name
733 silly ADD node_modules/get-caller-file
734 silly ADD node_modules/gensync
735 silly ADD node_modules/function-bind
736 silly ADD
737 silly ADD node_modules/fs.realpath
738 silly ADD node_modules/fromentries
739 silly ADD node_modules/fresh
740 silly ADD node_modules/forwarded
741 silly ADD node_modules/formidable
742 silly ADD node_modules/formidable/node_modules/qs
743 silly ADD node_modules/form-data
744 silly ADD node_modules/foreground-child
745 silly ADD node_modules/foreachasync
746 silly ADD node_modules/follow-redirects
747 silly ADD node_modules/flat
748 silly ADD node_modules/find-up
749 silly ADD node_modules/find-cache-dir
750 silly ADD node_modules/finalhandler
751 silly ADD node_modules/finalhandler/node_modules/on-finished
752 silly ADD node_modules/finalhandler/node_modules/ms
753 silly ADD node_modules/finalhandler/node_modules/debug
754 silly ADD node_modules/fill-range
755 silly ADD node_modules/fast-safe-stringify
756 silly ADD node_modules/express-handlebars
757 silly ADD node_modules/express
758 silly ADD node_modules/express/node_modules/raw-body
759 silly ADD node_modules/express/node_modules/qs
760 silly ADD node_modules/express/node_modules/on-finished
761 silly ADD node_modules/express/node_modules/ms
762 silly ADD node_modules/express/node_modules/http-errors
763 silly ADD node_modules/express/node_modules/depd
764 silly ADD node_modules/express/node_modules/debug
765 silly ADD node_modules/express/node_modules/cookie
766 silly ADD node_modules/express/node_modules/body-parser
767 silly ADD node_modules/etag
768 silly ADD node_modules/esprima
769 silly ADD node_modules/escape-string-regexp
770 silly ADD node_modules/escape-html
771 silly ADD node_modules/escalade
772 silly ADD node_modules/es6-error
773 silly ADD node_modules/encodeurl
774 silly ADD node_modules/emoji-regex
775 silly ADD node_modules/electron-to-chromium
776 silly ADD node_modules/ee-first
777 silly ADD node_modules/diff
778 silly ADD node_modules/dezalgo
779 silly ADD node_modules/destroy
780 silly ADD node_modules/depd
781 silly ADD node_modules/delayed-stream
782 silly ADD node_modules/default-require-extensions
783 silly ADD node_modules/deep-eql
784 silly ADD node_modules/decamelize
785 silly ADD node_modules/debug
786 silly ADD node_modules/cross-spawn
787 silly ADD node_modules/cookiejar
788 silly ADD node_modules/cookie-signature
789 silly ADD node_modules/cookie-parser
790 silly ADD node_modules/cookie
791 silly ADD node_modules/convert-source-map
792 silly ADD node_modules/convert-source-map/node_modules/safe-buffer
793 silly ADD node_modules/content-type
794 silly ADD node_modules/content-disposition
795 silly ADD node_modules/concat-map
796 silly ADD node_modules/component-emitter
797 silly ADD node_modules/commondir
798 silly ADD node_modules/combined-stream
799 silly ADD node_modules/color-name
800 silly ADD node_modules/color-convert
801 silly ADD node_modules/cliui
802 silly ADD node_modules/clean-stack
803 silly ADD node_modules/chokidar
804 silly ADD node_modules/check-error
805 silly ADD node_modules/chalk
806 silly ADD node_modules/chalk/node_modules/supports-color
807 silly ADD node_modules/chai
808 silly ADD node_modules/caniuse-lite
809 silly ADD node_modules/camelcase
810 silly ADD node_modules/call-bind
811 silly ADD node_modules/caching-transform
812 silly ADD node_modules/bytes
813 silly ADD node_modules/browserslist
814 silly ADD node_modules/browser-stdout
815 silly ADD node_modules/braces
816 silly ADD node_modules/brace-expansion
817 silly ADD node_modules/body-parser
818 silly ADD node_modules/body-parser/node_modules/ms
819 silly ADD node_modules/body-parser/node_modules/debug
820 silly ADD node_modules/binary-extensions
821 silly ADD node_modules/basic-auth
822 silly ADD node_modules/basic-auth/node_modules/safe-buffer
823 silly ADD node_modules/balanced-match
824 silly ADD node_modules/axios
825 silly ADD node_modules/asynckit
826 silly ADD node_modules/assertion-error
827 silly ADD node_modules/asap
828 silly ADD node_modules/array-flatten
829 silly ADD node_modules/argparse
830 silly ADD node_modules/archy
831 silly ADD node_modules/append-transform
832 silly ADD node_modules/anymatch
833 silly ADD node_modules/ansi-styles
834 silly ADD node_modules/ansi-regex
835 silly ADD node_modules/ansi-colors
836 silly ADD node_modules/aggregate-error
837 silly ADD node_modules/accepts
838 silly ADD node_modules/@ungap/promise-all-settled
839 silly ADD node_modules/@types/supertest
840 silly ADD node_modules/@types/superagent
841 silly ADD node_modules/@types/serve-static
842 silly ADD node_modules/@types/range-parser
843 silly ADD node_modules/@types/qs
844 silly ADD node_modules/@types/node
845 silly ADD node_modules/@types/morgan
846 silly ADD node_modules/@types/mocha
847 silly ADD node_modules/@types/mime
848 silly ADD node_modules/@types/express-serve-static-core
849 silly ADD node_modules/@types/express
850 silly ADD node_modules/@types/cookiejar
851 silly ADD node_modules/@types/connect
852 silly ADD node_modules/@types/body-parser
853 silly ADD node_modules/@jridgewell/trace-mapping
854 silly ADD node_modules/@jridgewell/sourcemap-codec
855 silly ADD node_modules/@jridgewell/resolve-uri
856 silly ADD node_modules/@istanbuljs/schema
857 silly ADD node_modules/@istanbuljs/load-nyc-config
858 silly ADD node_modules/@istanbuljs/load-nyc-config/node_modules/p-locate
859 silly ADD node_modules/@istanbuljs/load-nyc-config/node_modules/p-limit
860 silly ADD node_modules/@istanbuljs/load-nyc-config/node_modules/locate-path
861 silly ADD node_modules/@istanbuljs/load-nyc-config/node_modules/js-yaml
862 silly ADD node_modules/@istanbuljs/load-nyc-config/node_modules/find-up
863 silly ADD node_modules/@istanbuljs/load-nyc-config/node_modules/argparse
864 silly ADD node_modules/@babel/types
865 silly ADD node_modules/@babel/traverse
866 silly ADD node_modules/@babel/template
867 silly ADD node_modules/@babel/parser
868 silly ADD node_modules/@babel/highlight
869 silly ADD node_modules/@babel/highlight/node_modules/supports-color
870 silly ADD node_modules/@babel/highlight/node_modules/has-flag
871 silly ADD node_modules/@babel/highlight/node_modules/escape-string-regexp
872 silly ADD node_modules/@babel/highlight/node_modules/color-name
873 silly ADD node_modules/@babel/highlight/node_modules/color-convert
874 silly ADD node_modules/@babel/highlight/node_modules/chalk
875 silly ADD node_modules/@babel/highlight/node_modules/ansi-styles
876 silly ADD node_modules/@babel/helpers
877 silly ADD node_modules/@babel/helper-validator-option
878 silly ADD node_modules/@babel/helper-validator-identifier
879 silly ADD node_modules/@babel/helper-split-export-declaration
880 silly ADD node_modules/@babel/helper-simple-access
881 silly ADD node_modules/@babel/helper-module-transforms
882 silly ADD node_modules/@babel/helper-module-imports
883 silly ADD node_modules/@babel/helper-hoist-variables
884 silly ADD node_modules/@babel/helper-function-name
885 silly ADD node_modules/@babel/helper-environment-visitor
886 silly ADD node_modules/@babel/helper-compilation-targets
887 silly ADD node_modules/@babel/generator
888 silly ADD node_modules/@babel/generator/node_modules/source-map
889 silly ADD node_modules/@babel/core
890 silly ADD node_modules/@babel/compat-data
891 silly ADD node_modules/@babel/code-frame
892 silly ADD node_modules/@ampproject/remapping
893 timing command:install Completed in 4271ms
894 verbose exit 0
895 timing npm Completed in 4404ms
896 info ok
