0 verbose cli /usr/local/nvm/versions/node/v16.1.0/bin/node /usr/local/nvm/versions/node/v16.1.0/bin/npm
1 info using npm@8.15.0
2 info using node@v16.1.0
3 timing npm:load:whichnode Completed in 0ms
4 timing config:load:defaults Completed in 2ms
5 timing config:load:file:/usr/local/nvm/versions/node/v16.1.0/lib/node_modules/npm/npmrc Completed in 1ms
6 timing config:load:builtin Completed in 1ms
7 timing config:load:cli Completed in 2ms
8 timing config:load:env Completed in 1ms
9 timing config:load:file:/home/user101/events-app-2022/events-app-2022/api-server/.npmrc Completed in 0ms
10 timing config:load:project Completed in 2ms
11 timing config:load:file:/home/user101/.npmrc Completed in 1ms
12 timing config:load:user Completed in 1ms
13 timing config:load:file:/usr/local/nvm/versions/node/v16.1.0/etc/npmrc Completed in 0ms
14 timing config:load:global Completed in 0ms
15 timing config:load:validate Completed in 0ms
16 timing config:load:credentials Completed in 1ms
17 timing config:load:setEnvs Completed in 1ms
18 timing config:load Completed in 11ms
19 timing npm:load:configload Completed in 11ms
20 timing npm:load:mkdirpcache Completed in 2ms
21 timing npm:load:mkdirplogs Completed in 2ms
22 verbose title npm install
23 verbose argv "install"
24 timing npm:load:setTitle Completed in 1ms
25 timing config:load:flatten Completed in 3ms
26 timing npm:load:display Completed in 6ms
27 verbose logfile logs-max:10 dir:/home/user101/.npm/_logs
28 verbose logfile /home/user101/.npm/_logs/2022-08-17T06_29_35_462Z-debug-0.log
29 timing npm:load:logFile Completed in 6ms
30 timing npm:load:timers Completed in 1ms
31 timing npm:load:configScope Completed in 0ms
32 timing npm:load Completed in 29ms
33 timing arborist:ctor Completed in 1ms
34 silly logfile done cleaning log files
35 timing idealTree:init Completed in 317ms
36 timing idealTree:userRequests Completed in 1ms
37 silly idealTree buildDeps
38 timing idealTree:#root Completed in 1ms
39 timing idealTree:buildDeps Completed in 1ms
40 timing idealTree:fixDepFlags Completed in 1ms
41 timing idealTree Completed in 331ms
42 timing reify:loadTrees Completed in 344ms
43 timing reify:diffTrees Completed in 3ms
44 silly reify moves {}
45 timing reify:retireShallow Completed in 1ms
46 timing reify:createSparse Completed in 87ms
47 timing reify:loadBundles Completed in 0ms
48 silly audit bulk request {
48 silly audit   '@ampproject/remapping': [ '2.1.2' ],
48 silly audit   '@babel/code-frame': [ '7.16.7' ],
48 silly audit   '@babel/compat-data': [ '7.17.7' ],
48 silly audit   '@babel/core': [ '7.17.9' ],
48 silly audit   debug: [ '4.3.4', '2.6.9', '4.3.3', '3.2.7' ],
48 silly audit   ms: [ '2.1.2', '2.1.3', '2.0.0' ],
48 silly audit   '@babel/generator': [ '7.17.9' ],
48 silly audit   '@babel/helper-compilation-targets': [ '7.17.7' ],
48 silly audit   '@babel/helper-environment-visitor': [ '7.16.7' ],
48 silly audit   '@babel/helper-function-name': [ '7.17.9' ],
48 silly audit   '@babel/helper-hoist-variables': [ '7.16.7' ],
48 silly audit   '@babel/helper-module-imports': [ '7.16.7' ],
48 silly audit   '@babel/helper-module-transforms': [ '7.17.7' ],
48 silly audit   '@babel/helper-simple-access': [ '7.17.7' ],
48 silly audit   '@babel/helper-split-export-declaration': [ '7.16.7' ],
48 silly audit   '@babel/helper-validator-identifier': [ '7.16.7' ],
48 silly audit   '@babel/helper-validator-option': [ '7.16.7' ],
48 silly audit   '@babel/helpers': [ '7.17.9' ],
48 silly audit   '@babel/highlight': [ '7.17.9' ],
48 silly audit   'ansi-styles': [ '3.2.1', '4.3.0' ],
48 silly audit   chalk: [ '2.4.2', '4.1.2' ],
48 silly audit   'color-convert': [ '1.9.3', '2.0.1' ],
48 silly audit   'color-name': [ '1.1.3', '1.1.4' ],
48 silly audit   'escape-string-regexp': [ '1.0.5', '4.0.0' ],
48 silly audit   'has-flag': [ '3.0.0', '4.0.0' ],
48 silly audit   'supports-color': [ '5.5.0', '7.2.0', '8.1.1' ],
48 silly audit   '@babel/parser': [ '7.17.9' ],
48 silly audit   '@babel/template': [ '7.16.7' ],
48 silly audit   '@babel/traverse': [ '7.17.9' ],
48 silly audit   '@babel/types': [ '7.17.0' ],
48 silly audit   '@istanbuljs/load-nyc-config': [ '1.1.0' ],
48 silly audit   argparse: [ '1.0.10', '2.0.1' ],
48 silly audit   'find-up': [ '4.1.0', '5.0.0' ],
48 silly audit   'js-yaml': [ '3.14.1', '4.1.0' ],
48 silly audit   'locate-path': [ '5.0.0', '6.0.0' ],
48 silly audit   'p-limit': [ '2.3.0', '3.1.0' ],
48 silly audit   'p-locate': [ '4.1.0', '5.0.0' ],
48 silly audit   '@istanbuljs/schema': [ '0.1.3' ],
48 silly audit   '@jridgewell/resolve-uri': [ '3.0.6' ],
48 silly audit   '@jridgewell/sourcemap-codec': [ '1.4.11' ],
48 silly audit   '@jridgewell/trace-mapping': [ '0.3.9' ],
48 silly audit   '@types/body-parser': [ '1.19.2' ],
48 silly audit   '@types/chai': [ '4.3.1' ],
48 silly audit   '@types/connect': [ '3.4.35' ],
48 silly audit   '@types/cookiejar': [ '2.1.2' ],
48 silly audit   '@types/express': [ '4.17.13' ],
48 silly audit   '@types/express-serve-static-core': [ '4.17.28' ],
48 silly audit   '@types/mime': [ '1.3.2' ],
48 silly audit   '@types/mocha': [ '9.1.1' ],
48 silly audit   '@types/morgan': [ '1.9.3' ],
48 silly audit   '@types/node': [ '17.0.25' ],
48 silly audit   '@types/qs': [ '6.9.7' ],
48 silly audit   '@types/range-parser': [ '1.2.4' ],
48 silly audit   '@types/serve-static': [ '1.13.10' ],
48 silly audit   '@types/superagent': [ '3.8.7' ],
48 silly audit   '@ungap/promise-all-settled': [ '1.1.2' ],
48 silly audit   accepts: [ '1.3.8' ],
48 silly audit   'aggregate-error': [ '3.1.0' ],
48 silly audit   'ansi-colors': [ '4.1.1' ],
48 silly audit   'ansi-regex': [ '5.0.1' ],
48 silly audit   anymatch: [ '3.1.2' ],
48 silly audit   'append-transform': [ '2.0.0' ],
48 silly audit   archy: [ '1.0.0' ],
48 silly audit   'array-flatten': [ '1.1.1' ],
48 silly audit   'assertion-error': [ '1.1.0' ],
48 silly audit   asynckit: [ '0.4.0' ],
48 silly audit   'balanced-match': [ '1.0.2' ],
48 silly audit   'basic-auth': [ '2.0.1' ],
48 silly audit   'safe-buffer': [ '5.1.2', '5.2.1' ],
48 silly audit   'binary-extensions': [ '2.2.0' ],
48 silly audit   'body-parser': [ '1.19.2' ],
48 silly audit   'http-errors': [ '1.8.1', '2.0.0' ],
48 silly audit   qs: [ '6.9.7', '6.10.3' ],
48 silly audit   'brace-expansion': [ '1.1.11' ],
48 silly audit   braces: [ '3.0.2' ],
48 silly audit   'browser-stdout': [ '1.3.1' ],
48 silly audit   browserslist: [ '4.20.2' ],
48 silly audit   bytes: [ '3.1.2' ],
48 silly audit   'caching-transform': [ '4.0.0' ],
48 silly audit   'call-bind': [ '1.0.2' ],
48 silly audit   camelcase: [ '5.3.1', '6.3.0' ],
48 silly audit   'caniuse-lite': [ '1.0.30001332' ],
48 silly audit   chai: [ '4.3.6' ],
48 silly audit   'chai-http': [ '4.3.0' ],
48 silly audit   'check-error': [ '1.0.2' ],
48 silly audit   chokidar: [ '3.5.3' ],
48 silly audit   'clean-stack': [ '2.2.0' ],
48 silly audit   cliui: [ '7.0.4', '6.0.0' ],
48 silly audit   'combined-stream': [ '1.0.8' ],
48 silly audit   commondir: [ '1.0.1' ],
48 silly audit   'component-emitter': [ '1.3.0' ],
48 silly audit   'concat-map': [ '0.0.1' ],
48 silly audit   'content-disposition': [ '0.5.4' ],
48 silly audit   'content-type': [ '1.0.4' ],
48 silly audit   'convert-source-map': [ '1.8.0' ],
48 silly audit   cookie: [ '0.4.1', '0.4.2' ],
48 silly audit   'cookie-parser': [ '1.4.6' ],
48 silly audit   'cookie-signature': [ '1.0.6' ],
48 silly audit   cookiejar: [ '2.1.3' ],
48 silly audit   'core-util-is': [ '1.0.3' ],
48 silly audit   'cross-spawn': [ '7.0.3' ],
48 silly audit   decamelize: [ '1.2.0', '4.0.0' ],
48 silly audit   'deep-eql': [ '3.0.1' ],
48 silly audit   'default-require-extensions': [ '3.0.0' ],
48 silly audit   'delayed-stream': [ '1.0.0' ],
48 silly audit   depd: [ '1.1.2', '2.0.0' ],
48 silly audit   destroy: [ '1.0.4' ],
48 silly audit   diff: [ '5.0.0' ],
48 silly audit   'ee-first': [ '1.1.1' ],
48 silly audit   'electron-to-chromium': [ '1.4.118' ],
48 silly audit   'emoji-regex': [ '8.0.0' ],
48 silly audit   encodeurl: [ '1.0.2' ],
48 silly audit   'es6-error': [ '4.1.1' ],
48 silly audit   escalade: [ '3.1.1' ],
48 silly audit   'escape-html': [ '1.0.3' ],
48 silly audit   esprima: [ '4.0.1' ],
48 silly audit   etag: [ '1.8.1' ],
48 silly audit   express: [ '4.17.3' ],
48 silly audit   extend: [ '3.0.2' ],
48 silly audit   'fill-range': [ '7.0.1' ],
48 silly audit   finalhandler: [ '1.1.2' ],
48 silly audit   'find-cache-dir': [ '3.3.2' ],
48 silly audit   flat: [ '5.0.2' ],
48 silly audit   'foreground-child': [ '2.0.0' ],
48 silly audit   'form-data': [ '2.5.1' ],
48 silly audit   formidable: [ '1.2.6' ],
48 silly audit   forwarded: [ '0.2.0' ],
48 silly audit   fresh: [ '0.5.2' ],
48 silly audit   fromentries: [ '1.3.2' ],
48 silly audit   'fs.realpath': [ '1.0.0' ],
48 silly audit   fsevents: [ '2.3.2' ],
48 silly audit   'function-bind': [ '1.1.1' ],
48 silly audit   gensync: [ '1.0.0-beta.2' ],
48 silly audit   'get-caller-file': [ '2.0.5' ],
48 silly audit   'get-func-name': [ '2.0.0' ],
48 silly audit   'get-intrinsic': [ '1.1.1' ],
48 silly audit   'get-package-type': [ '0.1.0' ],
48 silly audit   glob: [ '7.2.0' ],
48 silly audit   'glob-parent': [ '5.1.2' ],
48 silly audit   minimatch: [ '3.1.2', '4.2.1' ],
48 silly audit   globals: [ '11.12.0' ],
48 silly audit   'graceful-fs': [ '4.2.10' ],
48 silly audit   growl: [ '1.10.5' ],
48 silly audit   has: [ '1.0.3' ],
48 silly audit   'has-symbols': [ '1.0.3' ],
48 silly audit   hasha: [ '5.2.2' ],
48 silly audit   he: [ '1.2.0' ],
48 silly audit   'html-escaper': [ '2.0.2' ],
48 silly audit   statuses: [ '2.0.1', '1.5.0' ],
48 silly audit   'iconv-lite': [ '0.4.24' ],
48 silly audit   imurmurhash: [ '0.1.4' ],
48 silly audit   'indent-string': [ '4.0.0' ],
48 silly audit   inflight: [ '1.0.6' ],
48 silly audit   inherits: [ '2.0.4' ],
48 silly audit   'ip-regex': [ '2.1.0' ],
48 silly audit   'ipaddr.js': [ '1.9.1' ],
48 silly audit   'is-binary-path': [ '2.1.0' ],
48 silly audit   'is-extglob': [ '2.1.1' ],
48 silly audit   'is-fullwidth-code-point': [ '3.0.0' ],
48 silly audit   'is-glob': [ '4.0.3' ],
48 silly audit   'is-ip': [ '2.0.0' ],
48 silly audit   'is-number': [ '7.0.0' ],
48 silly audit   'is-plain-obj': [ '2.1.0' ],
48 silly audit   'is-stream': [ '2.0.1' ],
48 silly audit   'is-typedarray': [ '1.0.0' ],
48 silly audit   'is-unicode-supported': [ '0.1.0' ],
48 silly audit   'is-windows': [ '1.0.2' ],
48 silly audit   isarray: [ '1.0.0' ],
48 silly audit   isexe: [ '2.0.0' ],
48 silly audit   'istanbul-lib-coverage': [ '3.2.0' ],
48 silly audit   'istanbul-lib-hook': [ '3.0.0' ],
48 silly audit   'istanbul-lib-instrument': [ '4.0.3' ],
48 silly audit   'istanbul-lib-processinfo': [ '2.0.2' ],
48 silly audit   'istanbul-lib-report': [ '3.0.0' ],
48 silly audit   'istanbul-lib-source-maps': [ '4.0.1' ],
48 silly audit   'source-map': [ '0.6.1', '0.5.7' ],
48 silly audit   'istanbul-reports': [ '3.1.4' ],
48 silly audit   'js-tokens': [ '4.0.0' ],
48 silly audit   jsesc: [ '2.5.2' ],
48 silly audit   json5: [ '2.2.1' ],
48 silly audit   'lodash.flattendeep': [ '4.4.0' ],
48 silly audit   'log-symbols': [ '4.1.0' ],
48 silly audit   loupe: [ '2.3.4' ],
48 silly audit   'make-dir': [ '3.1.0' ],
48 silly audit   'media-typer': [ '0.3.0' ],
48 silly audit   'merge-descriptors': [ '1.0.1' ],
48 silly audit   methods: [ '1.1.2' ],
48 silly audit   mime: [ '1.6.0' ],
48 silly audit   'mime-db': [ '1.52.0' ],
48 silly audit   'mime-types': [ '2.1.35' ],
48 silly audit   mocha: [ '9.2.2' ],
48 silly audit   morgan: [ '1.10.0' ],
48 silly audit   nanoid: [ '3.3.1' ],
48 silly audit   negotiator: [ '0.6.3' ],
48 silly audit   nocache: [ '3.0.3' ],
48 silly audit   'node-preload': [ '0.2.1' ],
48 silly audit   'node-releases': [ '2.0.3' ],
48 silly audit   'normalize-path': [ '3.0.0' ],
48 silly audit   nyc: [ '15.1.0' ],
48 silly audit   'wrap-ansi': [ '6.2.0', '7.0.0' ],
48 silly audit   y18n: [ '4.0.3', '5.0.8' ],
48 silly audit   yargs: [ '15.4.1', '16.2.0' ],
48 silly audit   'yargs-parser': [ '18.1.3', '20.2.4' ],
48 silly audit   'object-inspect': [ '1.12.0' ],
48 silly audit   'on-finished': [ '2.3.0' ],
48 silly audit   'on-headers': [ '1.0.2' ],
48 silly audit   once: [ '1.4.0' ],
48 silly audit   'p-map': [ '3.0.0' ],
48 silly audit   'p-try': [ '2.2.0' ],
48 silly audit   'package-hash': [ '4.0.0' ],
48 silly audit   parseurl: [ '1.3.3' ],
48 silly audit   'path-exists': [ '4.0.0' ],
48 silly audit   'path-is-absolute': [ '1.0.1' ],
48 silly audit   'path-key': [ '3.1.1' ],
48 silly audit   'path-to-regexp': [ '0.1.7' ],
48 silly audit   pathval: [ '1.1.1' ],
48 silly audit   picocolors: [ '1.0.0' ],
48 silly audit   picomatch: [ '2.3.1' ],
48 silly audit   'pkg-dir': [ '4.2.0' ],
48 silly audit   'process-nextick-args': [ '2.0.1' ],
48 silly audit   'process-on-spawn': [ '1.0.0' ],
48 silly audit   'proxy-addr': [ '2.0.7' ],
48 silly audit   randombytes: [ '2.1.0' ],
48 silly audit   'range-parser': [ '1.2.1' ],
48 silly audit   'raw-body': [ '2.4.3' ],
48 silly audit   'readable-stream': [ '2.3.7' ],
48 silly audit   readdirp: [ '3.6.0' ],
48 silly audit   'release-zalgo': [ '1.0.0' ],
48 silly audit   'require-directory': [ '2.1.1' ],
48 silly audit   'require-main-filename': [ '2.0.0' ],
48 silly audit   'resolve-from': [ '5.0.0' ],
48 silly audit   rimraf: [ '3.0.2' ],
48 silly audit   'safer-buffer': [ '2.1.2' ],
48 silly audit   semver: [ '6.3.0' ],
48 silly audit   send: [ '0.17.2' ],
48 silly audit   'serialize-javascript': [ '6.0.0' ],
48 silly audit   'serve-static': [ '1.14.2' ],
48 silly audit   'set-blocking': [ '2.0.0' ],
48 silly audit   setprototypeof: [ '1.2.0' ],
48 silly audit   'shebang-command': [ '2.0.0' ],
48 silly audit   'shebang-regex': [ '3.0.0' ],
48 silly audit   'side-channel': [ '1.0.4' ],
48 silly audit   'signal-exit': [ '3.0.7' ],
48 silly audit   'spawn-wrap': [ '2.0.0' ],
48 silly audit   'sprintf-js': [ '1.0.3' ],
48 silly audit   string_decoder: [ '1.1.1' ],
48 silly audit   'string-width': [ '4.2.3' ],
48 silly audit   'strip-ansi': [ '6.0.1' ],
48 silly audit   'strip-bom': [ '4.0.0' ],
48 silly audit   'strip-json-comments': [ '3.1.1' ],
48 silly audit   superagent: [ '3.8.3' ],
48 silly audit   'test-exclude': [ '6.0.0' ],
48 silly audit   'to-fast-properties': [ '2.0.0' ],
48 silly audit   'to-regex-range': [ '5.0.1' ],
48 silly audit   toidentifier: [ '1.0.1' ],
48 silly audit   'type-detect': [ '4.0.8' ],
48 silly audit   'type-fest': [ '0.8.1' ],
48 silly audit   'type-is': [ '1.6.18' ],
48 silly audit   'typedarray-to-buffer': [ '3.1.5' ],
48 silly audit   unpipe: [ '1.0.0' ],
48 silly audit   'util-deprecate': [ '1.0.2' ],
48 silly audit   'utils-merge': [ '1.0.1' ],
48 silly audit   uuid: [ '3.4.0' ],
48 silly audit   vary: [ '1.1.2' ],
48 silly audit   which: [ '2.0.2' ],
48 silly audit   'which-module': [ '2.0.0' ],
48 silly audit   workerpool: [ '6.2.0' ],
48 silly audit   wrappy: [ '1.0.2' ],
48 silly audit   'write-file-atomic': [ '3.0.3' ],
48 silly audit   'yargs-unparser': [ '2.0.0' ],
48 silly audit   'yocto-queue': [ '0.1.0' ]
48 silly audit }
49 verbose reify failed optional dependency /home/user101/events-app-2022/events-app-2022/api-server/node_modules/fsevents
50 silly reify mark deleted [
50 silly reify   '/home/user101/events-app-2022/events-app-2022/api-server/node_modules/fsevents'
50 silly reify ]
51 timing reifyNode:node_modules/fsevents Completed in 148ms
52 http fetch POST 200 https://registry.npmjs.org/-/npm/v1/security/advisories/bulk 1191ms
53 timing auditReport:getReport Completed in 1199ms
54 silly audit report {}
55 timing auditReport:init Completed in 0ms
56 timing reify:audit Completed in 1201ms
57 timing reifyNode:node_modules/wrappy Completed in 1578ms
58 timing reifyNode:node_modules/wrap-ansi Completed in 1579ms
59 timing reifyNode:node_modules/to-fast-properties Completed in 1581ms
60 timing reifyNode:node_modules/shebang-command Completed in 1581ms
61 timing reifyNode:node_modules/process-nextick-args Completed in 1583ms
62 timing reifyNode:node_modules/path-is-absolute Completed in 1583ms
63 timing reifyNode:node_modules/package-hash Completed in 1582ms
64 timing reifyNode:node_modules/once Completed in 1583ms
65 timing reifyNode:node_modules/normalize-path Completed in 1582ms
66 timing reifyNode:node_modules/ms Completed in 1582ms
67 timing reifyNode:node_modules/lodash.flattendeep Completed in 1580ms
68 timing reifyNode:node_modules/is-windows Completed in 1582ms
69 timing reifyNode:node_modules/is-number Completed in 1581ms
70 timing reifyNode:node_modules/is-ip Completed in 1587ms
71 timing reifyNode:node_modules/is-extglob Completed in 1587ms
72 timing reifyNode:node_modules/ip-regex Completed in 1588ms
73 timing reifyNode:node_modules/inflight Completed in 1588ms
74 timing reifyNode:node_modules/imurmurhash Completed in 1585ms
75 timing reifyNode:node_modules/find-cache-dir Completed in 1591ms
76 timing reifyNode:node_modules/escape-html Completed in 1598ms
77 timing reifyNode:node_modules/ee-first Completed in 1599ms
78 timing reifyNode:node_modules/destroy Completed in 1599ms
79 timing reifyNode:node_modules/decamelize Completed in 1600ms
80 timing reifyNode:node_modules/convert-source-map Completed in 1600ms
81 timing reifyNode:node_modules/color-name Completed in 1601ms
82 timing reifyNode:node_modules/caching-transform Completed in 1602ms
83 timing reifyNode:node_modules/browser-stdout Completed in 1602ms
84 timing reifyNode:node_modules/brace-expansion Completed in 1602ms
85 timing reifyNode:node_modules/array-flatten Completed in 1605ms
86 timing reifyNode:node_modules/@types/superagent Completed in 1606ms
87 timing reifyNode:node_modules/@types/serve-static Completed in 1607ms
88 timing reifyNode:node_modules/@types/range-parser Completed in 1607ms
89 timing reifyNode:node_modules/@types/qs Completed in 1607ms
90 timing reifyNode:node_modules/@types/cookiejar Completed in 1607ms
91 timing reifyNode:node_modules/@types/connect Completed in 1607ms
92 timing reifyNode:node_modules/@types/body-parser Completed in 1608ms
93 timing reifyNode:node_modules/superagent/node_modules/ms Completed in 1640ms
94 timing reifyNode:node_modules/send/node_modules/ms Completed in 1639ms
95 timing reifyNode:node_modules/nyc/node_modules/wrap-ansi Completed in 1638ms
96 timing reifyNode:node_modules/mocha/node_modules/ms Completed in 1636ms
97 timing reifyNode:node_modules/mocha/node_modules/debug/node_modules/ms Completed in 1637ms
98 timing reifyNode:node_modules/istanbul-lib-source-maps/node_modules/ms Completed in 1634ms
99 timing reifyNode:node_modules/@babel/traverse/node_modules/ms Completed in 1622ms
100 timing reifyNode:node_modules/@babel/highlight/node_modules/has-flag Completed in 1623ms
101 timing reifyNode:node_modules/@babel/highlight/node_modules/escape-string-regexp Completed in 1624ms
102 timing reifyNode:node_modules/@babel/highlight/node_modules/ansi-styles Completed in 1625ms
103 timing reifyNode:node_modules/@babel/core/node_modules/ms Completed in 1624ms
104 timing reifyNode:node_modules/yocto-queue Completed in 1656ms
105 timing reifyNode:node_modules/which-module Completed in 1656ms
106 timing reifyNode:node_modules/vary Completed in 1656ms
107 timing reifyNode:node_modules/utils-merge Completed in 1657ms
108 timing reifyNode:node_modules/unpipe Completed in 1656ms
109 timing reifyNode:node_modules/type-is Completed in 1657ms
110 timing reifyNode:node_modules/toidentifier Completed in 1658ms
111 timing reifyNode:node_modules/to-regex-range Completed in 1658ms
112 timing reifyNode:node_modules/supports-color Completed in 1658ms
113 timing reifyNode:node_modules/strip-json-comments Completed in 1658ms
114 timing reifyNode:node_modules/strip-bom Completed in 1659ms
115 timing reifyNode:node_modules/strip-ansi Completed in 1659ms
116 timing reifyNode:node_modules/string-width Completed in 1659ms
117 timing reifyNode:node_modules/signal-exit Completed in 1660ms
118 timing reifyNode:node_modules/shebang-regex Completed in 1660ms
119 timing reifyNode:node_modules/set-blocking Completed in 1661ms
120 timing reifyNode:node_modules/serialize-javascript Completed in 1661ms
121 timing reifyNode:node_modules/resolve-from Completed in 1662ms
122 timing reifyNode:node_modules/require-main-filename Completed in 1663ms
123 timing reifyNode:node_modules/range-parser Completed in 1663ms
124 timing reifyNode:node_modules/process-on-spawn Completed in 1663ms
125 timing reifyNode:node_modules/pkg-dir Completed in 1663ms
126 timing reifyNode:node_modules/path-to-regexp Completed in 1664ms
127 timing reifyNode:node_modules/path-key Completed in 1664ms
128 timing reifyNode:node_modules/path-exists Completed in 1664ms
129 timing reifyNode:node_modules/parseurl Completed in 1663ms
130 timing reifyNode:node_modules/p-try Completed in 1664ms
131 timing reifyNode:node_modules/p-map Completed in 1664ms
132 timing reifyNode:node_modules/p-locate Completed in 1664ms
133 timing reifyNode:node_modules/p-limit Completed in 1665ms
134 timing reifyNode:node_modules/on-headers Completed in 1665ms
135 timing reifyNode:node_modules/on-finished Completed in 1665ms
136 timing reifyNode:node_modules/methods Completed in 1663ms
137 timing reifyNode:node_modules/merge-descriptors Completed in 1662ms
138 timing reifyNode:node_modules/media-typer Completed in 1662ms
139 timing reifyNode:node_modules/make-dir Completed in 1663ms
140 timing reifyNode:node_modules/locate-path Completed in 1664ms
141 timing reifyNode:node_modules/is-unicode-supported Completed in 1666ms
142 timing reifyNode:node_modules/is-typedarray Completed in 1666ms
143 timing reifyNode:node_modules/is-stream Completed in 1666ms
144 timing reifyNode:node_modules/is-plain-obj Completed in 1666ms
145 timing reifyNode:node_modules/is-glob Completed in 1666ms
146 timing reifyNode:node_modules/is-fullwidth-code-point Completed in 1667ms
147 timing reifyNode:node_modules/is-binary-path Completed in 1667ms
148 timing reifyNode:node_modules/inherits Completed in 1668ms
149 timing reifyNode:node_modules/indent-string Completed in 1664ms
150 timing reifyNode:node_modules/http-errors Completed in 1664ms
151 timing reifyNode:node_modules/has-flag Completed in 1687ms
152 timing reifyNode:node_modules/glob-parent Completed in 1688ms
153 timing reifyNode:node_modules/get-func-name Completed in 1688ms
154 timing reifyNode:node_modules/fromentries Completed in 1689ms
155 timing reifyNode:node_modules/fresh Completed in 1690ms
156 timing reifyNode:node_modules/forwarded Completed in 1690ms
157 timing reifyNode:node_modules/find-up Completed in 1697ms
158 timing reifyNode:node_modules/fill-range Completed in 1698ms
159 timing reifyNode:node_modules/etag Completed in 1699ms
160 timing reifyNode:node_modules/escape-string-regexp Completed in 1699ms
161 timing reifyNode:node_modules/encodeurl Completed in 1699ms
162 timing reifyNode:node_modules/default-require-extensions Completed in 1700ms
163 timing reifyNode:node_modules/core-util-is Completed in 1701ms
164 timing reifyNode:node_modules/cookiejar Completed in 1701ms
165 timing reifyNode:node_modules/cookie-signature Completed in 1701ms
166 timing reifyNode:node_modules/cookie-parser Completed in 1701ms
167 timing reifyNode:node_modules/content-type Completed in 1701ms
168 timing reifyNode:node_modules/component-emitter Completed in 1701ms
169 timing reifyNode:node_modules/clean-stack Completed in 1702ms
170 timing reifyNode:node_modules/camelcase Completed in 1702ms
171 timing reifyNode:node_modules/bytes Completed in 1703ms
172 timing reifyNode:node_modules/basic-auth Completed in 1703ms
173 timing reifyNode:node_modules/assertion-error Completed in 1703ms
174 timing reifyNode:node_modules/append-transform Completed in 1704ms
175 timing reifyNode:node_modules/anymatch Completed in 1703ms
176 timing reifyNode:node_modules/ansi-regex Completed in 1704ms
177 timing reifyNode:node_modules/aggregate-error Completed in 1704ms
178 timing reifyNode:node_modules/accepts Completed in 1704ms
179 timing reifyNode:node_modules/@types/morgan Completed in 1705ms
180 timing reifyNode:node_modules/@babel/highlight Completed in 1704ms
181 timing reifyNode:node_modules/@babel/helper-split-export-declaration Completed in 1704ms
182 timing reifyNode:node_modules/@babel/helper-simple-access Completed in 1704ms
183 timing reifyNode:node_modules/@babel/helper-hoist-variables Completed in 1705ms
184 timing reifyNode:node_modules/@babel/helper-function-name Completed in 1705ms
185 timing reifyNode:node_modules/@babel/helper-environment-visitor Completed in 1706ms
186 timing reifyNode:node_modules/@babel/code-frame Completed in 1706ms
187 timing reifyNode:node_modules/finalhandler Completed in 1715ms
188 timing reifyNode:node_modules/yargs-unparser/node_modules/decamelize Completed in 1756ms
189 timing reifyNode:node_modules/yargs-unparser/node_modules/camelcase Completed in 1757ms
190 timing reifyNode:node_modules/pkg-dir/node_modules/p-locate Completed in 1751ms
191 timing reifyNode:node_modules/pkg-dir/node_modules/p-limit Completed in 1751ms
192 timing reifyNode:node_modules/pkg-dir/node_modules/locate-path Completed in 1751ms
193 timing reifyNode:node_modules/pkg-dir/node_modules/find-up Completed in 1752ms
194 timing reifyNode:node_modules/nyc/node_modules/y18n Completed in 1750ms
195 timing reifyNode:node_modules/nyc/node_modules/p-locate Completed in 1750ms
196 timing reifyNode:node_modules/nyc/node_modules/p-limit Completed in 1751ms
197 timing reifyNode:node_modules/nyc/node_modules/locate-path Completed in 1751ms
198 timing reifyNode:node_modules/nyc/node_modules/find-up Completed in 1751ms
199 timing reifyNode:node_modules/istanbul-lib-report/node_modules/supports-color Completed in 1747ms
200 timing reifyNode:node_modules/chalk/node_modules/supports-color Completed in 1737ms
201 timing reifyNode:node_modules/@istanbuljs/load-nyc-config/node_modules/p-limit Completed in 1735ms
202 timing reifyNode:node_modules/@istanbuljs/load-nyc-config/node_modules/p-locate Completed in 1735ms
203 timing reifyNode:node_modules/@istanbuljs/load-nyc-config/node_modules/locate-path Completed in 1735ms
204 timing reifyNode:node_modules/@istanbuljs/load-nyc-config/node_modules/find-up Completed in 1736ms
205 timing reifyNode:node_modules/@babel/highlight/node_modules/supports-color Completed in 1735ms
206 timing reifyNode:node_modules/yargs-unparser Completed in 1766ms
207 timing reifyNode:node_modules/write-file-atomic Completed in 1766ms
208 timing reifyNode:node_modules/util-deprecate Completed in 1766ms
209 timing reifyNode:node_modules/proxy-addr Completed in 1765ms
210 timing reifyNode:node_modules/pathval Completed in 1764ms
211 timing reifyNode:node_modules/nocache Completed in 1762ms
212 timing reifyNode:node_modules/morgan Completed in 1761ms
213 timing reifyNode:node_modules/log-symbols Completed in 1760ms
214 timing reifyNode:node_modules/js-tokens Completed in 1761ms
215 timing reifyNode:node_modules/get-caller-file Completed in 1757ms
216 timing reifyNode:node_modules/fs.realpath Completed in 1758ms
217 timing reifyNode:node_modules/foreground-child Completed in 1759ms
218 timing reifyNode:node_modules/cookie Completed in 1759ms
219 timing reifyNode:node_modules/combined-stream Completed in 1760ms
220 timing reifyNode:node_modules/balanced-match Completed in 1760ms
221 timing reifyNode:node_modules/ansi-styles Completed in 1761ms
222 timing reifyNode:node_modules/@istanbuljs/load-nyc-config Completed in 1761ms
223 timing reifyNode:node_modules/@types/mime Completed in 1765ms
224 timing reifyNode:node_modules/send/node_modules/http-errors Completed in 1789ms
225 timing reifyNode:node_modules/raw-body/node_modules/http-errors Completed in 1788ms
226 timing reifyNode:node_modules/express/node_modules/cookie Completed in 1772ms
227 timing reifyNode:node_modules/body-parser/node_modules/http-errors Completed in 1769ms
228 timing reifyNode:node_modules/which Completed in 1797ms
229 timing reifyNode:node_modules/string_decoder Completed in 1796ms
230 timing reifyNode:node_modules/setprototypeof Completed in 1796ms
231 timing reifyNode:node_modules/serve-static Completed in 1797ms
232 timing reifyNode:node_modules/readdirp Completed in 1796ms
233 timing reifyNode:node_modules/picocolors Completed in 1796ms
234 timing reifyNode:node_modules/minimatch Completed in 1792ms
235 timing reifyNode:node_modules/mime-types Completed in 1792ms
236 timing reifyNode:node_modules/istanbul-lib-processinfo Completed in 1804ms
237 timing reifyNode:node_modules/hasha Completed in 1812ms
238 timing reifyNode:node_modules/has Completed in 1813ms
239 timing reifyNode:node_modules/globals Completed in 1814ms
240 timing reifyNode:node_modules/delayed-stream Completed in 1815ms
241 timing reifyNode:node_modules/content-disposition Completed in 1815ms
242 timing reifyNode:node_modules/check-error Completed in 1815ms
243 timing reifyNode:node_modules/binary-extensions Completed in 1815ms
244 timing reifyNode:node_modules/@types/express Completed in 1815ms
245 timing reifyNode:node_modules/@istanbuljs/schema Completed in 1816ms
246 timing reifyNode:node_modules/@babel/helper-validator-option Completed in 1815ms
247 timing reifyNode:node_modules/test-exclude/node_modules/minimatch Completed in 1847ms
248 timing reifyNode:node_modules/string_decoder/node_modules/safe-buffer Completed in 1847ms
249 timing reifyNode:node_modules/readable-stream/node_modules/safe-buffer Completed in 1844ms
250 timing reifyNode:node_modules/nyc/node_modules/cliui Completed in 1841ms
251 timing reifyNode:node_modules/http-errors/node_modules/statuses Completed in 1833ms
252 timing reifyNode:node_modules/glob/node_modules/minimatch Completed in 1832ms
253 timing reifyNode:node_modules/convert-source-map/node_modules/safe-buffer Completed in 1829ms
254 timing reifyNode:node_modules/basic-auth/node_modules/safe-buffer Completed in 1827ms
255 timing reifyNode:node_modules/@babel/highlight/node_modules/color-name Completed in 1825ms
256 timing reifyNode:node_modules/typedarray-to-buffer Completed in 1855ms
257 timing reifyNode:node_modules/type-detect Completed in 1857ms
258 timing reifyNode:node_modules/safe-buffer Completed in 1860ms
259 timing reifyNode:node_modules/rimraf Completed in 1861ms
260 timing reifyNode:node_modules/require-directory Completed in 1861ms
261 timing reifyNode:node_modules/raw-body Completed in 1860ms
262 timing reifyNode:node_modules/randombytes Completed in 1861ms
263 timing reifyNode:node_modules/isarray Completed in 1857ms
264 timing reifyNode:node_modules/graceful-fs Completed in 1852ms
265 timing reifyNode:node_modules/commondir Completed in 1852ms
266 timing reifyNode:node_modules/statuses Completed in 1895ms
267 timing reifyNode:node_modules/istanbul-lib-hook Completed in 1889ms
268 timing reifyNode:node_modules/get-package-type Completed in 1886ms
269 timing reifyNode:node_modules/deep-eql Completed in 1885ms
270 timing reifyNode:node_modules/concat-map Completed in 1885ms
271 timing reifyNode:node_modules/color-convert Completed in 1885ms
272 timing reifyNode:node_modules/ansi-colors Completed in 1885ms
273 timing reifyNode:node_modules/@types/chai Completed in 1884ms
274 timing reifyNode:node_modules/@babel/helper-validator-identifier Completed in 1884ms
275 timing reifyNode:node_modules/mocha/node_modules/debug Completed in 1906ms
276 timing reifyNode:node_modules/istanbul-lib-source-maps/node_modules/debug Completed in 1904ms
277 timing reifyNode:node_modules/@babel/traverse/node_modules/debug Completed in 1891ms
278 timing reifyNode:node_modules/@babel/highlight/node_modules/color-convert Completed in 1892ms
279 timing reifyNode:node_modules/@babel/core/node_modules/debug Completed in 1891ms
280 timing reifyNode:node_modules/test-exclude Completed in 1941ms
281 timing reifyNode:node_modules/send Completed in 1944ms
282 timing reifyNode:node_modules/safer-buffer Completed in 1944ms
283 timing reifyNode:node_modules/release-zalgo Completed in 1944ms
284 timing reifyNode:node_modules/isexe Completed in 1939ms
285 timing reifyNode:node_modules/flat Completed in 1933ms
286 timing reifyNode:node_modules/extend Completed in 1933ms
287 timing reifyNode:node_modules/es6-error Completed in 1933ms
288 timing reifyNode:node_modules/@ungap/promise-all-settled Completed in 1932ms
289 timing reifyNode:node_modules/@babel/helper-module-imports Completed in 1931ms
290 timing reifyNode:node_modules/morgan/node_modules/depd Completed in 1951ms
291 timing reifyNode:node_modules/http-errors/node_modules/depd Completed in 1943ms
292 timing reifyNode:node_modules/@babel/highlight/node_modules/chalk Completed in 1935ms
293 timing reifyNode:node_modules/ipaddr.js Completed in 1959ms
294 timing reifyNode:node_modules/glob Completed in 1957ms
295 timing reifyNode:node_modules/gensync Completed in 1957ms
296 timing reifyNode:node_modules/escalade Completed in 1957ms
297 timing reifyNode:node_modules/chalk Completed in 1956ms
298 timing reifyNode:node_modules/@types/mocha Completed in 1960ms
299 timing reifyNode:node_modules/@types/express-serve-static-core Completed in 1959ms
300 timing reifyNode:node_modules/node-releases Completed in 1983ms
301 timing reifyNode:node_modules/jsesc Completed in 1981ms
302 timing reifyNode:node_modules/emoji-regex Completed in 1976ms
303 timing reifyNode:node_modules/cross-spawn Completed in 1978ms
304 timing reifyNode:node_modules/archy Completed in 1977ms
305 timing reifyNode:node_modules/@babel/helper-compilation-targets Completed in 1976ms
306 timing reifyNode:node_modules/semver Completed in 2006ms
307 timing reifyNode:node_modules/node-preload Completed in 2001ms
308 timing reifyNode:node_modules/negotiator Completed in 2004ms
309 timing reifyNode:node_modules/form-data Completed in 1998ms
310 timing reifyNode:node_modules/@babel/helper-module-transforms Completed in 1993ms
311 timing reifyNode:node_modules/superagent/node_modules/debug Completed in 2023ms
312 timing reifyNode:node_modules/nyc/node_modules/yargs-parser Completed in 2018ms
313 timing reifyNode:node_modules/y18n Completed in 2027ms
314 timing reifyNode:node_modules/side-channel Completed in 2026ms
315 warn deprecated formidable@1.2.6: Please upgrade to latest, formidable@v2 or formidable@v3! Check these notes: https://bit.ly/2ZEqIau
316 timing reifyNode:node_modules/formidable Completed in 2026ms
317 timing reifyNode:node_modules/cliui Completed in 2027ms
318 timing reifyNode:node_modules/@jridgewell/sourcemap-codec Completed in 2025ms
319 timing reifyNode:node_modules/@babel/template Completed in 2025ms
320 timing reifyNode:node_modules/mime Completed in 2067ms
321 timing reifyNode:node_modules/istanbul-lib-coverage Completed in 2068ms
322 timing reifyNode:node_modules/html-escaper Completed in 2062ms
323 timing reifyNode:node_modules/function-bind Completed in 2066ms
324 timing reifyNode:node_modules/istanbul-lib-source-maps Completed in 2088ms
325 timing reifyNode:node_modules/istanbul-lib-report Completed in 2089ms
326 timing reifyNode:node_modules/he Completed in 2083ms
327 timing reifyNode:node_modules/growl Completed in 2086ms
328 timing reifyNode:node_modules/get-intrinsic Completed in 2087ms
329 timing reifyNode:node_modules/call-bind Completed in 2085ms
330 timing reifyNode:node_modules/braces Completed in 2086ms
331 timing reifyNode:node_modules/@jridgewell/resolve-uri Completed in 2084ms
332 timing reifyNode:node_modules/istanbul-lib-instrument Completed in 2115ms
333 timing reifyNode:node_modules/browserslist Completed in 2107ms
334 timing reifyNode:node_modules/picomatch Completed in 2134ms
335 timing reifyNode:node_modules/depd Completed in 2157ms
336 timing reifyNode:node_modules/chokidar Completed in 2159ms
337 timing reifyNode:node_modules/argparse Completed in 2161ms
338 timing reifyNode:node_modules/yargs-parser Completed in 2200ms
339 timing reifyNode:node_modules/body-parser Completed in 2182ms
340 timing reifyNode:node_modules/mime-db Completed in 2206ms
341 timing reifyNode:node_modules/has-symbols Completed in 2201ms
342 timing reifyNode:node_modules/@babel/compat-data Completed in 2198ms
343 timing reifyNode:node_modules/asynckit Completed in 2216ms
344 timing reifyNode:node_modules/debug Completed in 2233ms
345 timing reifyNode:node_modules/@ampproject/remapping Completed in 2229ms
346 timing reifyNode:node_modules/spawn-wrap Completed in 2260ms
347 warn deprecated uuid@3.4.0: Please upgrade  to version 7 or higher.  Older versions may use Math.random() in certain circumstances, which is known to be problematic.  See https://v8.dev/blog/math-random for details.
348 timing reifyNode:node_modules/uuid Completed in 2272ms
349 timing reifyNode:node_modules/sprintf-js Completed in 2271ms
350 timing reifyNode:node_modules/electron-to-chromium Completed in 2263ms
351 timing reifyNode:node_modules/type-fest Completed in 2291ms
352 timing reifyNode:node_modules/chai-http Completed in 2275ms
353 timing reifyNode:node_modules/@babel/helpers Completed in 2287ms
354 timing reifyNode:node_modules/esprima Completed in 2301ms
355 timing reifyNode:node_modules/@jridgewell/trace-mapping Completed in 2298ms
356 timing reifyNode:node_modules/loupe Completed in 2321ms
357 timing reifyNode:node_modules/nanoid Completed in 2347ms
358 timing reifyNode:node_modules/express/node_modules/qs Completed in 2361ms
359 timing reifyNode:node_modules/body-parser/node_modules/qs Completed in 2358ms
360 timing reifyNode:node_modules/readable-stream Completed in 2395ms
361 timing reifyNode:node_modules/qs Completed in 2396ms
362 timing reifyNode:node_modules/nyc Completed in 2399ms
363 timing reifyNode:node_modules/express Completed in 2422ms
364 timing reifyNode:node_modules/@babel/generator Completed in 2453ms
365 timing reifyNode:node_modules/json5 Completed in 2475ms
366 timing reifyNode:node_modules/@istanbuljs/load-nyc-config/node_modules/argparse Completed in 2504ms
367 timing reifyNode:node_modules/object-inspect Completed in 2532ms
368 timing reifyNode:node_modules/iconv-lite Completed in 2522ms
369 timing reifyNode:node_modules/workerpool Completed in 2573ms
370 warn deprecated superagent@3.8.3: Please upgrade to v7.0.2+ of superagent.  We have fixed numerous issues with streams, form-data, attach(), filesystem errors not bubbling up (ENOENT on attach()), and all tests are now passing.  See the releases tab for more information at <https://github.com/visionmedia/superagent/releases>.
371 timing reifyNode:node_modules/superagent Completed in 2649ms
372 timing reifyNode:node_modules/@babel/traverse Completed in 2643ms
373 timing reifyNode:node_modules/js-yaml Completed in 2668ms
374 timing reifyNode:node_modules/diff Completed in 2659ms
375 timing reifyNode:node_modules/source-map Completed in 2692ms
376 timing reifyNode:node_modules/istanbul-lib-source-maps/node_modules/source-map Completed in 2695ms
377 timing reifyNode:node_modules/@istanbuljs/load-nyc-config/node_modules/js-yaml Completed in 2688ms
378 timing reifyNode:node_modules/nyc/node_modules/yargs Completed in 2730ms
379 timing reifyNode:node_modules/yargs Completed in 2746ms
380 timing reifyNode:node_modules/@babel/parser Completed in 2839ms
381 timing reifyNode:node_modules/chai Completed in 2848ms
382 timing reifyNode:node_modules/istanbul-reports Completed in 2864ms
383 timing reifyNode:node_modules/@babel/core Completed in 2849ms
384 timing reifyNode:node_modules/@types/node Completed in 2924ms
385 timing reifyNode:node_modules/@babel/types Completed in 2960ms
386 timing reifyNode:node_modules/mocha Completed in 3035ms
387 timing reifyNode:node_modules/caniuse-lite Completed in 3357ms
388 timing reify:unpack Completed in 3384ms
389 timing reify:unretire Completed in 1ms
390 timing build:queue Completed in 22ms
391 timing build:link:node_modules/@babel/parser Completed in 21ms
392 timing build:link:node_modules/@istanbuljs/load-nyc-config/node_modules/js-yaml Completed in 18ms
393 timing build:link:node_modules/browserslist Completed in 21ms
394 timing build:link:node_modules/esprima Completed in 20ms
395 timing build:link:node_modules/flat Completed in 20ms
396 timing build:link:node_modules/he Completed in 20ms
397 timing build:link:node_modules/js-yaml Completed in 20ms
398 timing build:link:node_modules/jsesc Completed in 20ms
399 timing build:link:node_modules/json5 Completed in 20ms
400 timing build:link:node_modules/mime Completed in 20ms
401 timing build:link:node_modules/mocha Completed in 19ms
402 timing build:link:node_modules/nanoid Completed in 19ms
403 timing build:link:node_modules/nyc Completed in 19ms
404 timing build:link:node_modules/rimraf Completed in 19ms
405 timing build:link:node_modules/semver Completed in 19ms
406 timing build:link:node_modules/uuid Completed in 19ms
407 timing build:link:node_modules/which Completed in 20ms
408 timing build:link Completed in 23ms
409 timing build:deps Completed in 47ms
410 timing build Completed in 47ms
411 timing reify:build Completed in 50ms
412 timing reify:trash Completed in 1ms
413 timing reify:save Completed in 117ms
414 timing reify Completed in 4060ms
415 silly ADD node_modules/yocto-queue
416 silly ADD node_modules/yargs-unparser
417 silly ADD node_modules/yargs-unparser/node_modules/decamelize
418 silly ADD node_modules/yargs-unparser/node_modules/camelcase
419 silly ADD node_modules/yargs-parser
420 silly ADD node_modules/yargs
421 silly ADD node_modules/y18n
422 silly ADD node_modules/write-file-atomic
423 silly ADD node_modules/wrappy
424 silly ADD node_modules/wrap-ansi
425 silly ADD node_modules/workerpool
426 silly ADD node_modules/which-module
427 silly ADD node_modules/which
428 silly ADD node_modules/vary
429 silly ADD node_modules/uuid
430 silly ADD node_modules/utils-merge
431 silly ADD node_modules/util-deprecate
432 silly ADD node_modules/unpipe
433 silly ADD node_modules/typedarray-to-buffer
434 silly ADD node_modules/type-is
435 silly ADD node_modules/type-fest
436 silly ADD node_modules/type-detect
437 silly ADD node_modules/toidentifier
438 silly ADD node_modules/to-regex-range
439 silly ADD node_modules/to-fast-properties
440 silly ADD node_modules/test-exclude
441 silly ADD node_modules/test-exclude/node_modules/minimatch
442 silly ADD node_modules/supports-color
443 silly ADD node_modules/superagent
444 silly ADD node_modules/superagent/node_modules/ms
445 silly ADD node_modules/superagent/node_modules/debug
446 silly ADD node_modules/strip-json-comments
447 silly ADD node_modules/strip-bom
448 silly ADD node_modules/strip-ansi
449 silly ADD node_modules/string-width
450 silly ADD node_modules/string_decoder
451 silly ADD node_modules/string_decoder/node_modules/safe-buffer
452 silly ADD node_modules/statuses
453 silly ADD node_modules/sprintf-js
454 silly ADD node_modules/spawn-wrap
455 silly ADD node_modules/source-map
456 silly ADD node_modules/signal-exit
457 silly ADD node_modules/side-channel
458 silly ADD node_modules/shebang-regex
459 silly ADD node_modules/shebang-command
460 silly ADD node_modules/setprototypeof
461 silly ADD node_modules/set-blocking
462 silly ADD node_modules/serve-static
463 silly ADD node_modules/serialize-javascript
464 silly ADD node_modules/send
465 silly ADD node_modules/send/node_modules/ms
466 silly ADD node_modules/send/node_modules/http-errors
467 silly ADD node_modules/semver
468 silly ADD node_modules/safer-buffer
469 silly ADD node_modules/safe-buffer
470 silly ADD node_modules/rimraf
471 silly ADD node_modules/resolve-from
472 silly ADD node_modules/require-main-filename
473 silly ADD node_modules/require-directory
474 silly ADD node_modules/release-zalgo
475 silly ADD node_modules/readdirp
476 silly ADD node_modules/readable-stream
477 silly ADD node_modules/readable-stream/node_modules/safe-buffer
478 silly ADD node_modules/raw-body
479 silly ADD node_modules/raw-body/node_modules/http-errors
480 silly ADD node_modules/range-parser
481 silly ADD node_modules/randombytes
482 silly ADD node_modules/qs
483 silly ADD node_modules/proxy-addr
484 silly ADD node_modules/process-on-spawn
485 silly ADD node_modules/process-nextick-args
486 silly ADD node_modules/pkg-dir
487 silly ADD node_modules/pkg-dir/node_modules/p-locate
488 silly ADD node_modules/pkg-dir/node_modules/p-limit
489 silly ADD node_modules/pkg-dir/node_modules/locate-path
490 silly ADD node_modules/pkg-dir/node_modules/find-up
491 silly ADD node_modules/picomatch
492 silly ADD node_modules/picocolors
493 silly ADD node_modules/pathval
494 silly ADD node_modules/path-to-regexp
495 silly ADD node_modules/path-key
496 silly ADD node_modules/path-is-absolute
497 silly ADD node_modules/path-exists
498 silly ADD node_modules/parseurl
499 silly ADD node_modules/package-hash
500 silly ADD node_modules/p-try
501 silly ADD node_modules/p-map
502 silly ADD node_modules/p-locate
503 silly ADD node_modules/p-limit
504 silly ADD node_modules/once
505 silly ADD node_modules/on-headers
506 silly ADD node_modules/on-finished
507 silly ADD node_modules/object-inspect
508 silly ADD node_modules/nyc
509 silly ADD node_modules/nyc/node_modules/yargs-parser
510 silly ADD node_modules/nyc/node_modules/yargs
511 silly ADD node_modules/nyc/node_modules/y18n
512 silly ADD node_modules/nyc/node_modules/wrap-ansi
513 silly ADD node_modules/nyc/node_modules/p-locate
514 silly ADD node_modules/nyc/node_modules/p-limit
515 silly ADD node_modules/nyc/node_modules/locate-path
516 silly ADD node_modules/nyc/node_modules/find-up
517 silly ADD node_modules/nyc/node_modules/cliui
518 silly ADD node_modules/normalize-path
519 silly ADD node_modules/node-releases
520 silly ADD node_modules/node-preload
521 silly ADD node_modules/nocache
522 silly ADD node_modules/negotiator
523 silly ADD node_modules/nanoid
524 silly ADD node_modules/ms
525 silly ADD node_modules/morgan
526 silly ADD node_modules/morgan/node_modules/depd
527 silly ADD node_modules/mocha
528 silly ADD node_modules/mocha/node_modules/ms
529 silly ADD node_modules/mocha/node_modules/debug
530 silly ADD node_modules/mocha/node_modules/debug/node_modules/ms
531 silly ADD node_modules/minimatch
532 silly ADD node_modules/mime-types
533 silly ADD node_modules/mime-db
534 silly ADD node_modules/mime
535 silly ADD node_modules/methods
536 silly ADD node_modules/merge-descriptors
537 silly ADD node_modules/media-typer
538 silly ADD node_modules/make-dir
539 silly ADD node_modules/loupe
540 silly ADD node_modules/log-symbols
541 silly ADD node_modules/lodash.flattendeep
542 silly ADD node_modules/locate-path
543 silly ADD node_modules/json5
544 silly ADD node_modules/jsesc
545 silly ADD node_modules/js-yaml
546 silly ADD node_modules/js-tokens
547 silly ADD node_modules/istanbul-reports
548 silly ADD node_modules/istanbul-lib-source-maps
549 silly ADD node_modules/istanbul-lib-source-maps/node_modules/source-map
550 silly ADD node_modules/istanbul-lib-source-maps/node_modules/ms
551 silly ADD node_modules/istanbul-lib-source-maps/node_modules/debug
552 silly ADD node_modules/istanbul-lib-report
553 silly ADD node_modules/istanbul-lib-report/node_modules/supports-color
554 silly ADD node_modules/istanbul-lib-processinfo
555 silly ADD node_modules/istanbul-lib-instrument
556 silly ADD node_modules/istanbul-lib-hook
557 silly ADD node_modules/istanbul-lib-coverage
558 silly ADD node_modules/isexe
559 silly ADD node_modules/isarray
560 silly ADD node_modules/is-windows
561 silly ADD node_modules/is-unicode-supported
562 silly ADD node_modules/is-typedarray
563 silly ADD node_modules/is-stream
564 silly ADD node_modules/is-plain-obj
565 silly ADD node_modules/is-number
566 silly ADD node_modules/is-ip
567 silly ADD node_modules/is-glob
568 silly ADD node_modules/is-fullwidth-code-point
569 silly ADD node_modules/is-extglob
570 silly ADD node_modules/is-binary-path
571 silly ADD node_modules/ipaddr.js
572 silly ADD node_modules/ip-regex
573 silly ADD node_modules/inherits
574 silly ADD node_modules/inflight
575 silly ADD node_modules/indent-string
576 silly ADD node_modules/imurmurhash
577 silly ADD node_modules/iconv-lite
578 silly ADD node_modules/http-errors
579 silly ADD node_modules/http-errors/node_modules/statuses
580 silly ADD node_modules/http-errors/node_modules/depd
581 silly ADD node_modules/html-escaper
582 silly ADD node_modules/he
583 silly ADD node_modules/hasha
584 silly ADD node_modules/has-symbols
585 silly ADD node_modules/has-flag
586 silly ADD node_modules/has
587 silly ADD node_modules/growl
588 silly ADD node_modules/graceful-fs
589 silly ADD node_modules/globals
590 silly ADD node_modules/glob-parent
591 silly ADD node_modules/glob
592 silly ADD node_modules/glob/node_modules/minimatch
593 silly ADD node_modules/get-package-type
594 silly ADD node_modules/get-intrinsic
595 silly ADD node_modules/get-func-name
596 silly ADD node_modules/get-caller-file
597 silly ADD node_modules/gensync
598 silly ADD node_modules/function-bind
599 silly ADD
600 silly ADD node_modules/fs.realpath
601 silly ADD node_modules/fromentries
602 silly ADD node_modules/fresh
603 silly ADD node_modules/forwarded
604 silly ADD node_modules/formidable
605 silly ADD node_modules/form-data
606 silly ADD node_modules/foreground-child
607 silly ADD node_modules/flat
608 silly ADD node_modules/find-up
609 silly ADD node_modules/find-cache-dir
610 silly ADD node_modules/finalhandler
611 silly ADD node_modules/fill-range
612 silly ADD node_modules/extend
613 silly ADD node_modules/express
614 silly ADD node_modules/express/node_modules/qs
615 silly ADD node_modules/express/node_modules/cookie
616 silly ADD node_modules/etag
617 silly ADD node_modules/esprima
618 silly ADD node_modules/escape-string-regexp
619 silly ADD node_modules/escape-html
620 silly ADD node_modules/escalade
621 silly ADD node_modules/es6-error
622 silly ADD node_modules/encodeurl
623 silly ADD node_modules/emoji-regex
624 silly ADD node_modules/electron-to-chromium
625 silly ADD node_modules/ee-first
626 silly ADD node_modules/diff
627 silly ADD node_modules/destroy
628 silly ADD node_modules/depd
629 silly ADD node_modules/delayed-stream
630 silly ADD node_modules/default-require-extensions
631 silly ADD node_modules/deep-eql
632 silly ADD node_modules/decamelize
633 silly ADD node_modules/debug
634 silly ADD node_modules/cross-spawn
635 silly ADD node_modules/core-util-is
636 silly ADD node_modules/cookiejar
637 silly ADD node_modules/cookie-signature
638 silly ADD node_modules/cookie-parser
639 silly ADD node_modules/cookie
640 silly ADD node_modules/convert-source-map
641 silly ADD node_modules/convert-source-map/node_modules/safe-buffer
642 silly ADD node_modules/content-type
643 silly ADD node_modules/content-disposition
644 silly ADD node_modules/concat-map
645 silly ADD node_modules/component-emitter
646 silly ADD node_modules/commondir
647 silly ADD node_modules/combined-stream
648 silly ADD node_modules/color-name
649 silly ADD node_modules/color-convert
650 silly ADD node_modules/cliui
651 silly ADD node_modules/clean-stack
652 silly ADD node_modules/chokidar
653 silly ADD node_modules/check-error
654 silly ADD node_modules/chalk
655 silly ADD node_modules/chalk/node_modules/supports-color
656 silly ADD node_modules/chai-http
657 silly ADD node_modules/chai
658 silly ADD node_modules/caniuse-lite
659 silly ADD node_modules/camelcase
660 silly ADD node_modules/call-bind
661 silly ADD node_modules/caching-transform
662 silly ADD node_modules/bytes
663 silly ADD node_modules/browserslist
664 silly ADD node_modules/browser-stdout
665 silly ADD node_modules/braces
666 silly ADD node_modules/brace-expansion
667 silly ADD node_modules/body-parser
668 silly ADD node_modules/body-parser/node_modules/qs
669 silly ADD node_modules/body-parser/node_modules/http-errors
670 silly ADD node_modules/binary-extensions
671 silly ADD node_modules/basic-auth
672 silly ADD node_modules/basic-auth/node_modules/safe-buffer
673 silly ADD node_modules/balanced-match
674 silly ADD node_modules/asynckit
675 silly ADD node_modules/assertion-error
676 silly ADD node_modules/array-flatten
677 silly ADD node_modules/argparse
678 silly ADD node_modules/archy
679 silly ADD node_modules/append-transform
680 silly ADD node_modules/anymatch
681 silly ADD node_modules/ansi-styles
682 silly ADD node_modules/ansi-regex
683 silly ADD node_modules/ansi-colors
684 silly ADD node_modules/aggregate-error
685 silly ADD node_modules/accepts
686 silly ADD node_modules/@ungap/promise-all-settled
687 silly ADD node_modules/@types/superagent
688 silly ADD node_modules/@types/serve-static
689 silly ADD node_modules/@types/range-parser
690 silly ADD node_modules/@types/qs
691 silly ADD node_modules/@types/node
692 silly ADD node_modules/@types/morgan
693 silly ADD node_modules/@types/mocha
694 silly ADD node_modules/@types/mime
695 silly ADD node_modules/@types/express-serve-static-core
696 silly ADD node_modules/@types/express
697 silly ADD node_modules/@types/cookiejar
698 silly ADD node_modules/@types/connect
699 silly ADD node_modules/@types/chai
700 silly ADD node_modules/@types/body-parser
701 silly ADD node_modules/@jridgewell/trace-mapping
702 silly ADD node_modules/@jridgewell/sourcemap-codec
703 silly ADD node_modules/@jridgewell/resolve-uri
704 silly ADD node_modules/@istanbuljs/schema
705 silly ADD node_modules/@istanbuljs/load-nyc-config
706 silly ADD node_modules/@istanbuljs/load-nyc-config/node_modules/p-locate
707 silly ADD node_modules/@istanbuljs/load-nyc-config/node_modules/p-limit
708 silly ADD node_modules/@istanbuljs/load-nyc-config/node_modules/locate-path
709 silly ADD node_modules/@istanbuljs/load-nyc-config/node_modules/js-yaml
710 silly ADD node_modules/@istanbuljs/load-nyc-config/node_modules/find-up
711 silly ADD node_modules/@istanbuljs/load-nyc-config/node_modules/argparse
712 silly ADD node_modules/@babel/types
713 silly ADD node_modules/@babel/traverse
714 silly ADD node_modules/@babel/traverse/node_modules/ms
715 silly ADD node_modules/@babel/traverse/node_modules/debug
716 silly ADD node_modules/@babel/template
717 silly ADD node_modules/@babel/parser
718 silly ADD node_modules/@babel/highlight
719 silly ADD node_modules/@babel/highlight/node_modules/supports-color
720 silly ADD node_modules/@babel/highlight/node_modules/has-flag
721 silly ADD node_modules/@babel/highlight/node_modules/escape-string-regexp
722 silly ADD node_modules/@babel/highlight/node_modules/color-name
723 silly ADD node_modules/@babel/highlight/node_modules/color-convert
724 silly ADD node_modules/@babel/highlight/node_modules/chalk
725 silly ADD node_modules/@babel/highlight/node_modules/ansi-styles
726 silly ADD node_modules/@babel/helpers
727 silly ADD node_modules/@babel/helper-validator-option
728 silly ADD node_modules/@babel/helper-validator-identifier
729 silly ADD node_modules/@babel/helper-split-export-declaration
730 silly ADD node_modules/@babel/helper-simple-access
731 silly ADD node_modules/@babel/helper-module-transforms
732 silly ADD node_modules/@babel/helper-module-imports
733 silly ADD node_modules/@babel/helper-hoist-variables
734 silly ADD node_modules/@babel/helper-function-name
735 silly ADD node_modules/@babel/helper-environment-visitor
736 silly ADD node_modules/@babel/helper-compilation-targets
737 silly ADD node_modules/@babel/generator
738 silly ADD node_modules/@babel/core
739 silly ADD node_modules/@babel/core/node_modules/ms
740 silly ADD node_modules/@babel/core/node_modules/debug
741 silly ADD node_modules/@babel/compat-data
742 silly ADD node_modules/@babel/code-frame
743 silly ADD node_modules/@ampproject/remapping
744 timing command:install Completed in 4102ms
745 verbose exit 0
746 timing npm Completed in 4229ms
747 info ok
